#
# A fatal error has been detected by the Java Runtime Environment:
#
#  SIGSEGV (0xb) at pc=0x00007f367aff2b97, pid=140813, tid=140818
#
# JRE version: OpenJDK Runtime Environment (15.0.1+9) (build 15.0.1+9-18)
# Java VM: OpenJDK 64-Bit Server VM (15.0.1+9-18, mixed mode, sharing, tiered, compressed oops, g1 gc, linux-amd64)
# Problematic frame:
# C  [libtesseract.so.4.0.1+0xb4b97]  tesseract::Tesseract::recog_all_words(PAGE_RES*, ETEXT_DESC*, TBOX const*, char const*, int)+0x337
#
# Core dump will be written. Default location: Core dumps may be processed with "/usr/share/apport/apport %p %s %c %d %P %E" (or dumping to /home/mbor1/IdeaProjects/myprojects/image.convert/core.140813)
#
# If you would like to submit a bug report, please visit:
#   https://bugreport.java.com/bugreport/crash.jsp
# The crash happened outside the Java Virtual Machine in native code.
# See problematic frame for where to report the bug.
#

---------------  S U M M A R Y ------------

Command Line: -javaagent:/snap/intellij-idea-community/257/lib/idea_rt.jar=36083:/snap/intellij-idea-community/257/bin -Dfile.encoding=UTF-8 pl.maro.image.convert.TessaractExample

Host: Intel(R) Core(TM) i5-6200U CPU @ 2.30GHz, 4 cores, 15G, Ubuntu 20.04.1 LTS
Time: Sun Nov 22 08:04:14 2020 CET elapsed time: 1.556361 seconds (0d 0h 0m 1s)

---------------  T H R E A D  ---------------

Current thread (0x00007f36e002b830):  JavaThread "main" [_thread_in_native, id=140818, stack(0x00007f36e542f000,0x00007f36e5530000)]

Stack: [0x00007f36e542f000,0x00007f36e5530000],  sp=0x00007f36e552d610,  free space=1017k
Native frames: (J=compiled Java code, A=aot compiled Java code, j=interpreted, Vv=VM code, C=native code)
C  [libtesseract.so.4.0.1+0xb4b97]  tesseract::Tesseract::recog_all_words(PAGE_RES*, ETEXT_DESC*, TBOX const*, char const*, int)+0x337

Java frames: (J=compiled Java code, j=interpreted, Vv=VM code)
j  com.sun.jna.Native.invokePointer(Lcom/sun/jna/Function;JI[Ljava/lang/Object;)J+0
j  com.sun.jna.Function.invokePointer(I[Ljava/lang/Object;)Lcom/sun/jna/Pointer;+7
j  com.sun.jna.Function.invoke([Ljava/lang/Object;Ljava/lang/Class;ZI)Ljava/lang/Object;+385
j  com.sun.jna.Function.invoke(Ljava/lang/reflect/Method;[Ljava/lang/Class;Ljava/lang/Class;[Ljava/lang/Object;Ljava/util/Map;)Ljava/lang/Object;+271
j  com.sun.jna.Library$Handler.invoke(Ljava/lang/Object;Ljava/lang/reflect/Method;[Ljava/lang/Object;)Ljava/lang/Object;+390
j  com.sun.proxy.$Proxy0.TessBaseAPIGetUTF8Text(Lnet/sourceforge/tess4j/ITessAPI$TessBaseAPI;)Lcom/sun/jna/Pointer;+16
j  net.sourceforge.tess4j.Tesseract.getOCRText(Ljava/lang/String;I)Ljava/lang/String;+269
j  net.sourceforge.tess4j.Tesseract.doOCR(Ljavax/imageio/IIOImage;Ljava/lang/String;Ljava/awt/Rectangle;I)Ljava/lang/String;+18
j  net.sourceforge.tess4j.Tesseract.doOCR(Ljava/io/File;Ljava/awt/Rectangle;)Ljava/lang/String;+126
j  net.sourceforge.tess4j.Tesseract.doOCR(Ljava/io/File;)Ljava/lang/String;+3
j  pl.maro.image.convert.TessaractExample.main([Ljava/lang/String;)V+32
v  ~StubRoutines::call_stub

siginfo: si_signo: 11 (SIGSEGV), si_code: 1 (SEGV_MAPERR), si_addr: 0x000000000000000c

Register to memory mapping:

RAX=0x0 is NULL
RBX=0x00007f36e070a9d0 points into unknown readable memory: 0x00007f367b264d38 | 38 4d 26 7b 36 7f 00 00
RCX=0x00007f36e072c358 points into unknown readable memory: 0x0000000000000000 | 00 00 00 00 00 00 00 00
RDX=0x0 is NULL
RSP=0x00007f36e552d610 is pointing into the stack for thread: 0x00007f36e002b830
RBP=0x00007f36e552d660 is pointing into the stack for thread: 0x00007f36e002b830
RSI=0x0000000000000001 is an unknown value
RDI=0x00007f36e552d710 is pointing into the stack for thread: 0x00007f36e002b830
R8 =0x0 is NULL
R9 =0x0 is NULL
R10=0x00007f36e0b6c000 points into unknown readable memory: 0x00007f36e0b6bf60 | 60 bf b6 e0 36 7f 00 00
R11=0x00007f36e0000080 points into unknown readable memory: 0x00007f36e0b6c670 | 70 c6 b6 e0 36 7f 00 00
R12=0x00007f36e0ae9920 points into unknown readable memory: 0x0000000000000000 | 00 00 00 00 00 00 00 00
R13=0x0 is NULL
R14=0x0 is NULL
R15=0x0000000000000001 is an unknown value


Registers:
RAX=0x0000000000000000, RBX=0x00007f36e070a9d0, RCX=0x00007f36e072c358, RDX=0x0000000000000000
RSP=0x00007f36e552d610, RBP=0x00007f36e552d660, RSI=0x0000000000000001, RDI=0x00007f36e552d710
R8 =0x0000000000000000, R9 =0x0000000000000000, R10=0x00007f36e0b6c000, R11=0x00007f36e0000080
R12=0x00007f36e0ae9920, R13=0x0000000000000000, R14=0x0000000000000000, R15=0x0000000000000001
RIP=0x00007f367aff2b97, EFLAGS=0x0000000000010246, CSGSFS=0x002b000000000033, ERR=0x0000000000000004
  TRAPNO=0x000000000000000e

Top of Stack: (sp=0x00007f36e552d610)
0x00007f36e552d610:   0000000000000000 0000000000000000
0x00007f36e552d620:   4014000000000124 403ba80000000000
0x00007f36e552d630:   000b012400060013 000b002300090013
0x00007f36e552d640:   00007f36e0b1c9b8 00007f36e0b1c950 

Instructions: (pc=0x00007f367aff2b97)
0x00007f367aff2a97:   00 31 d2 31 f6 48 89 ef e8 ec f2 17 00 48 8b 44
0x00007f367aff2aa7:   24 70 48 85 c0 74 6a 48 8b 94 24 80 00 00 00 48
0x00007f367aff2ab7:   8b 52 08 48 85 d2 74 04 48 8b 52 08 48 8b 80 38
0x00007f367aff2ac7:   01 00 00 48 85 c0 74 c1 8b 48 34 85 c9 74 ba 48
0x00007f367aff2ad7:   8b 40 10 7e 1b 83 e9 01 48 8d 4c 88 04 0f 1f 40
0x00007f367aff2ae7:   00 8b 30 85 f6 75 aa 48 83 c0 04 48 39 c8 75 f1
0x00007f367aff2af7:   48 85 d2 74 94 8b 42 10 8d 50 ff 83 fa 02 76 89
0x00007f367aff2b07:   83 e8 05 83 f8 03 76 81 eb 87 0f 1f 80 00 00 00
0x00007f367aff2b17:   00 4d 85 ed 74 0a b8 64 00 00 00 66 41 89 45 02
0x00007f367aff2b27:   b8 01 00 00 00 48 8b 9c 24 98 01 00 00 64 48 33
0x00007f367aff2b37:   1c 25 28 00 00 00 0f 85 84 03 00 00 48 81 c4 a8
0x00007f367aff2b47:   01 00 00 5b 5d 41 5c 41 5d 41 5e 41 5f c3 0f 1f
0x00007f367aff2b57:   00 4d 85 ed 0f 84 b7 01 00 00 48 8b 14 24 48 89
0x00007f367aff2b67:   ee 48 89 df e8 10 6c 00 00 e9 f0 fe ff ff 0f 1f
0x00007f367aff2b77:   00 31 f6 48 89 ef e8 be f6 17 00 8b 83 08 14 00
0x00007f367aff2b87:   00 85 c0 0f 8f c8 01 00 00 48 8b 83 b0 09 00 00
0x00007f367aff2b97:   80 78 0c 00 0f 85 e8 02 00 00 8b 83 d8 44 02 00
0x00007f367aff2ba7:   45 31 ff 85 c0 7f 20 eb 47 48 8b 87 b0 09 00 00
0x00007f367aff2bb7:   80 78 0c 00 0f 85 a7 01 00 00 49 83 c7 01 44 39
0x00007f367aff2bc7:   bb d8 44 02 00 7e 29 48 8b 83 e0 44 02 00 4a 8b
0x00007f367aff2bd7:   3c f8 44 8b 9f 08 14 00 00 45 85 db 7e cb e8 66
0x00007f367aff2be7:   1b 0f 00 49 83 c7 01 44 39 bb d8 44 02 00 7f d7
0x00007f367aff2bf7:   4c 8d 7c 24 30 be 04 00 00 00 48 c7 44 24 30 00
0x00007f367aff2c07:   00 00 00 4c 89 ff e8 2e 0d 00 00 48 8b 4c 24 08
0x00007f367aff2c17:   4d 89 f9 4d 89 e0 48 8b 14 24 be 01 00 00 00 48
0x00007f367aff2c27:   89 df e8 c2 f5 ff ff 44 8b 93 d4 35 02 00 45 85
0x00007f367aff2c37:   d2 74 0b 4c 89 fe 48 89 df e8 3b 19 04 00 8b 44
0x00007f367aff2c47:   24 30 45 31 c9 4d 89 f8 48 89 e9 c7 83 c4 44 02
0x00007f367aff2c57:   00 00 00 00 00 4c 89 ea be 01 00 00 00 48 89 df
0x00007f367aff2c67:   89 83 c0 44 02 00 48 c7 83 b4 44 02 00 00 00 00
0x00007f367aff2c77:   00 66 44 89 8b bc 44 02 00 48 89 9b f8 44 02 00
0x00007f367aff2c87:   e8 64 de ff ff 84 c0 0f 84 e1 01 00 00 31 f6 48 


Stack slot to memory mapping:
stack at sp + 0 slots: 0x0 is NULL
stack at sp + 1 slots: 0x0 is NULL
stack at sp + 2 slots: 0x4014000000000124 is an unknown value
stack at sp + 3 slots: 0x403ba80000000000 is an unknown value
stack at sp + 4 slots: 0x000b012400060013 is an unknown value
stack at sp + 5 slots: 0x000b002300090013 is an unknown value
stack at sp + 6 slots: 0x00007f36e0b1c9b8 points into unknown readable memory: 0x00007f36e0b1c950 | 50 c9 b1 e0 36 7f 00 00
stack at sp + 7 slots: 0x00007f36e0b1c950 points into unknown readable memory: 0x00007f36e0b1c910 | 10 c9 b1 e0 36 7f 00 00


---------------  P R O C E S S  ---------------

Threads class SMR info:
_java_thread_list=0x00007f36903532a0, length=15, elements={
0x00007f36e002b830, 0x00007f36e01a8780, 0x00007f36e01a9ec0, 0x00007f36e01b07b0,
0x00007f36e01b1ec0, 0x00007f36e01b3ae0, 0x00007f36e01b5310, 0x00007f36e01b6a10,
0x00007f36e01c3200, 0x00007f36e05587d0, 0x00007f36e055a010, 0x00007f36e067f2d0,
0x00007f3694000e60, 0x00007f36e06d2a90, 0x00007f3690351fc0
}

Java Threads: ( => current thread )
=>0x00007f36e002b830 JavaThread "main" [_thread_in_native, id=140818, stack(0x00007f36e542f000,0x00007f36e5530000)]
  0x00007f36e01a8780 JavaThread "Reference Handler" daemon [_thread_blocked, id=140826, stack(0x00007f36b1274000,0x00007f36b1375000)]
  0x00007f36e01a9ec0 JavaThread "Finalizer" daemon [_thread_blocked, id=140827, stack(0x00007f36b1173000,0x00007f36b1274000)]
  0x00007f36e01b07b0 JavaThread "Signal Dispatcher" daemon [_thread_blocked, id=140828, stack(0x00007f36b0889000,0x00007f36b098a000)]
  0x00007f36e01b1ec0 JavaThread "Service Thread" daemon [_thread_blocked, id=140829, stack(0x00007f36b0788000,0x00007f36b0889000)]
  0x00007f36e01b3ae0 JavaThread "C2 CompilerThread0" daemon [_thread_blocked, id=140830, stack(0x00007f36b0687000,0x00007f36b0788000)]
  0x00007f36e01b5310 JavaThread "C1 CompilerThread0" daemon [_thread_blocked, id=140831, stack(0x00007f36b0586000,0x00007f36b0687000)]
  0x00007f36e01b6a10 JavaThread "Sweeper thread" daemon [_thread_blocked, id=140832, stack(0x00007f36b0485000,0x00007f36b0586000)]
  0x00007f36e01c3200 JavaThread "Common-Cleaner" daemon [_thread_blocked, id=140835, stack(0x00007f36b0384000,0x00007f36b0485000)]
  0x00007f36e05587d0 JavaThread "Monitor Ctrl-Break" daemon [_thread_in_native, id=140836, stack(0x00007f36b0283000,0x00007f36b0384000)]
  0x00007f36e055a010 JavaThread "Notification Thread" daemon [_thread_blocked, id=140837, stack(0x00007f36b0182000,0x00007f36b0283000)]
  0x00007f36e067f2d0 JavaThread "Java2D Disposer" daemon [_thread_blocked, id=140847, stack(0x00007f367beff000,0x00007f367c000000)]
  0x00007f3694000e60 JavaThread "Attach Listener" daemon [_thread_blocked, id=140850, stack(0x00007f367b28e000,0x00007f367b38f000)]
  0x00007f36e06d2a90 JavaThread "process reaper" daemon [_thread_blocked, id=140851, stack(0x00007f367b26c000,0x00007f367b28e000)]
  0x00007f3690351fc0 JavaThread "C2 CompilerThread1" daemon [_thread_blocked, id=140852, stack(0x00007f36780ee000,0x00007f36781ef000)]

Other Threads:
  0x00007f36e01a5a30 VMThread "VM Thread" [stack: 0x00007f36b1377000,0x00007f36b1477000] [id=140825]
  0x00007f36e055c0a0 WatcherThread [stack: 0x00007f36b0082000,0x00007f36b0182000] [id=140838]
  0x00007f36e00797e0 GCTaskThread "GC Thread#0" [stack: 0x00007f36e44d5000,0x00007f36e45d5000] [id=140819]
  0x00007f36a8000f20 GCTaskThread "GC Thread#1" [stack: 0x00007f367b7ae000,0x00007f367b8ae000] [id=140844]
  0x00007f36a8001810 GCTaskThread "GC Thread#2" [stack: 0x00007f367b6ac000,0x00007f367b7ac000] [id=140845]
  0x00007f36a80023e0 GCTaskThread "GC Thread#3" [stack: 0x00007f367b5aa000,0x00007f367b6aa000] [id=140846]
  0x00007f36e008a990 ConcurrentGCThread "G1 Main Marker" [stack: 0x00007f36e43d3000,0x00007f36e44d3000] [id=140820]
  0x00007f36e008bc20 ConcurrentGCThread "G1 Conc#0" [stack: 0x00007f36e42d1000,0x00007f36e43d1000] [id=140821]
  0x00007f36e0130870 ConcurrentGCThread "G1 Refine#0" [stack: 0x00007f36b1dff000,0x00007f36b1eff000] [id=140822]
  0x00007f36e0131a80 ConcurrentGCThread "G1 Young RemSet Sampling" [stack: 0x00007f36b1cfd000,0x00007f36b1dfd000] [id=140824]

Threads with active compile tasks:

VM state: not at safepoint (normal execution)

VM Mutex/Monitor currently owned by a thread: None

Heap address: 0x0000000707a00000, size: 3974 MB, Compressed Oops mode: Zero based, Oop shift amount: 3
CDS archive(s) mapped at: [0x0000000800000000-0x0000000800b33000-0x0000000800b33000), size 11743232, SharedBaseAddress: 0x0000000800000000, ArchiveRelocationMode: 0.
Compressed class space mapped at: 0x0000000800b34000-0x0000000840b34000, size: 1073741824
Narrow klass base: 0x0000000800000000, Narrow klass shift: 3, Narrow klass range: 0x100000000

GC Precious Log:
 CPUs: 4 total, 4 available
 Memory: 15894M
 Large Page Support: Disabled
 NUMA Support: Disabled
 Compressed Oops: Enabled (Zero based)
 Heap Region Size: 2M
 Heap Min Capacity: 8M
 Heap Initial Capacity: 250M
 Heap Max Capacity: 3974M
 Pre-touch: Disabled
 Parallel Workers: 4
 Concurrent Workers: 1
 Concurrent Refinement Workers: 4
 Periodic GC: Disabled

Heap:
 garbage-first heap   total 260096K, used 19638K [0x0000000707a00000, 0x0000000800000000)
  region size 2048K, 5 young (10240K), 1 survivors (2048K)
 Metaspace       used 5978K, capacity 6133K, committed 6400K, reserved 1056768K
  class space    used 577K, capacity 633K, committed 768K, reserved 1048576K

Heap Regions: E=young(eden), S=young(survivor), O=old, HS=humongous(starts), HC=humongous(continues), CS=collection set, F=free, OA=open archive, CA=closed archive, TAMS=top-at-mark-start (previous, next)
|   0|0x0000000707a00000, 0x0000000707c00000, 0x0000000707c00000|100%| O|  |TAMS 0x0000000707a00000, 0x0000000707a00000| Untracked 
|   1|0x0000000707c00000, 0x0000000707d5fa00, 0x0000000707e00000| 68%| O|  |TAMS 0x0000000707c00000, 0x0000000707c00000| Untracked 
|   2|0x0000000707e00000, 0x0000000708000000, 0x0000000708000000|100%|HS|  |TAMS 0x0000000707e00000, 0x0000000707e00000| Complete 
|   3|0x0000000708000000, 0x0000000708200000, 0x0000000708200000|100%|HS|  |TAMS 0x0000000708000000, 0x0000000708000000| Complete 
|   4|0x0000000708200000, 0x0000000708400000, 0x0000000708400000|100%|HS|  |TAMS 0x0000000708200000, 0x0000000708200000| Complete 
|   5|0x0000000708400000, 0x0000000708400000, 0x0000000708600000|  0%| F|  |TAMS 0x0000000708400000, 0x0000000708400000| Untracked 
|   6|0x0000000708600000, 0x0000000708600000, 0x0000000708800000|  0%| F|  |TAMS 0x0000000708600000, 0x0000000708600000| Untracked 
|   7|0x0000000708800000, 0x0000000708800000, 0x0000000708a00000|  0%| F|  |TAMS 0x0000000708800000, 0x0000000708800000| Untracked 
|   8|0x0000000708a00000, 0x0000000708a00000, 0x0000000708c00000|  0%| F|  |TAMS 0x0000000708a00000, 0x0000000708a00000| Untracked 
|   9|0x0000000708c00000, 0x0000000708c00000, 0x0000000708e00000|  0%| F|  |TAMS 0x0000000708c00000, 0x0000000708c00000| Untracked 
|  10|0x0000000708e00000, 0x0000000708e00000, 0x0000000709000000|  0%| F|  |TAMS 0x0000000708e00000, 0x0000000708e00000| Untracked 
|  11|0x0000000709000000, 0x0000000709000000, 0x0000000709200000|  0%| F|  |TAMS 0x0000000709000000, 0x0000000709000000| Untracked 
|  12|0x0000000709200000, 0x0000000709200000, 0x0000000709400000|  0%| F|  |TAMS 0x0000000709200000, 0x0000000709200000| Untracked 
|  13|0x0000000709400000, 0x0000000709400000, 0x0000000709600000|  0%| F|  |TAMS 0x0000000709400000, 0x0000000709400000| Untracked 
|  14|0x0000000709600000, 0x0000000709600000, 0x0000000709800000|  0%| F|  |TAMS 0x0000000709600000, 0x0000000709600000| Untracked 
|  15|0x0000000709800000, 0x0000000709800000, 0x0000000709a00000|  0%| F|  |TAMS 0x0000000709800000, 0x0000000709800000| Untracked 
|  16|0x0000000709a00000, 0x0000000709a00000, 0x0000000709c00000|  0%| F|  |TAMS 0x0000000709a00000, 0x0000000709a00000| Untracked 
|  17|0x0000000709c00000, 0x0000000709c00000, 0x0000000709e00000|  0%| F|  |TAMS 0x0000000709c00000, 0x0000000709c00000| Untracked 
|  18|0x0000000709e00000, 0x0000000709e00000, 0x000000070a000000|  0%| F|  |TAMS 0x0000000709e00000, 0x0000000709e00000| Untracked 
|  19|0x000000070a000000, 0x000000070a000000, 0x000000070a200000|  0%| F|  |TAMS 0x000000070a000000, 0x000000070a000000| Untracked 
|  20|0x000000070a200000, 0x000000070a200000, 0x000000070a400000|  0%| F|  |TAMS 0x000000070a200000, 0x000000070a200000| Untracked 
|  21|0x000000070a400000, 0x000000070a400000, 0x000000070a600000|  0%| F|  |TAMS 0x000000070a400000, 0x000000070a400000| Untracked 
|  22|0x000000070a600000, 0x000000070a600000, 0x000000070a800000|  0%| F|  |TAMS 0x000000070a600000, 0x000000070a600000| Untracked 
|  23|0x000000070a800000, 0x000000070a800000, 0x000000070aa00000|  0%| F|  |TAMS 0x000000070a800000, 0x000000070a800000| Untracked 
|  24|0x000000070aa00000, 0x000000070aa00000, 0x000000070ac00000|  0%| F|  |TAMS 0x000000070aa00000, 0x000000070aa00000| Untracked 
|  25|0x000000070ac00000, 0x000000070ac00000, 0x000000070ae00000|  0%| F|  |TAMS 0x000000070ac00000, 0x000000070ac00000| Untracked 
|  26|0x000000070ae00000, 0x000000070ae00000, 0x000000070b000000|  0%| F|  |TAMS 0x000000070ae00000, 0x000000070ae00000| Untracked 
|  27|0x000000070b000000, 0x000000070b000000, 0x000000070b200000|  0%| F|  |TAMS 0x000000070b000000, 0x000000070b000000| Untracked 
|  28|0x000000070b200000, 0x000000070b200000, 0x000000070b400000|  0%| F|  |TAMS 0x000000070b200000, 0x000000070b200000| Untracked 
|  29|0x000000070b400000, 0x000000070b400000, 0x000000070b600000|  0%| F|  |TAMS 0x000000070b400000, 0x000000070b400000| Untracked 
|  30|0x000000070b600000, 0x000000070b600000, 0x000000070b800000|  0%| F|  |TAMS 0x000000070b600000, 0x000000070b600000| Untracked 
|  31|0x000000070b800000, 0x000000070b800000, 0x000000070ba00000|  0%| F|  |TAMS 0x000000070b800000, 0x000000070b800000| Untracked 
|  32|0x000000070ba00000, 0x000000070ba00000, 0x000000070bc00000|  0%| F|  |TAMS 0x000000070ba00000, 0x000000070ba00000| Untracked 
|  33|0x000000070bc00000, 0x000000070bc00000, 0x000000070be00000|  0%| F|  |TAMS 0x000000070bc00000, 0x000000070bc00000| Untracked 
|  34|0x000000070be00000, 0x000000070be00000, 0x000000070c000000|  0%| F|  |TAMS 0x000000070be00000, 0x000000070be00000| Untracked 
|  35|0x000000070c000000, 0x000000070c000000, 0x000000070c200000|  0%| F|  |TAMS 0x000000070c000000, 0x000000070c000000| Untracked 
|  36|0x000000070c200000, 0x000000070c200000, 0x000000070c400000|  0%| F|  |TAMS 0x000000070c200000, 0x000000070c200000| Untracked 
|  37|0x000000070c400000, 0x000000070c400000, 0x000000070c600000|  0%| F|  |TAMS 0x000000070c400000, 0x000000070c400000| Untracked 
|  38|0x000000070c600000, 0x000000070c600000, 0x000000070c800000|  0%| F|  |TAMS 0x000000070c600000, 0x000000070c600000| Untracked 
|  39|0x000000070c800000, 0x000000070c800000, 0x000000070ca00000|  0%| F|  |TAMS 0x000000070c800000, 0x000000070c800000| Untracked 
|  40|0x000000070ca00000, 0x000000070ca00000, 0x000000070cc00000|  0%| F|  |TAMS 0x000000070ca00000, 0x000000070ca00000| Untracked 
|  41|0x000000070cc00000, 0x000000070cc00000, 0x000000070ce00000|  0%| F|  |TAMS 0x000000070cc00000, 0x000000070cc00000| Untracked 
|  42|0x000000070ce00000, 0x000000070ce00000, 0x000000070d000000|  0%| F|  |TAMS 0x000000070ce00000, 0x000000070ce00000| Untracked 
|  43|0x000000070d000000, 0x000000070d000000, 0x000000070d200000|  0%| F|  |TAMS 0x000000070d000000, 0x000000070d000000| Untracked 
|  44|0x000000070d200000, 0x000000070d200000, 0x000000070d400000|  0%| F|  |TAMS 0x000000070d200000, 0x000000070d200000| Untracked 
|  45|0x000000070d400000, 0x000000070d400000, 0x000000070d600000|  0%| F|  |TAMS 0x000000070d400000, 0x000000070d400000| Untracked 
|  46|0x000000070d600000, 0x000000070d600000, 0x000000070d800000|  0%| F|  |TAMS 0x000000070d600000, 0x000000070d600000| Untracked 
|  47|0x000000070d800000, 0x000000070d800000, 0x000000070da00000|  0%| F|  |TAMS 0x000000070d800000, 0x000000070d800000| Untracked 
|  48|0x000000070da00000, 0x000000070da00000, 0x000000070dc00000|  0%| F|  |TAMS 0x000000070da00000, 0x000000070da00000| Untracked 
|  49|0x000000070dc00000, 0x000000070dc00000, 0x000000070de00000|  0%| F|  |TAMS 0x000000070dc00000, 0x000000070dc00000| Untracked 
|  50|0x000000070de00000, 0x000000070de00000, 0x000000070e000000|  0%| F|  |TAMS 0x000000070de00000, 0x000000070de00000| Untracked 
|  51|0x000000070e000000, 0x000000070e000000, 0x000000070e200000|  0%| F|  |TAMS 0x000000070e000000, 0x000000070e000000| Untracked 
|  52|0x000000070e200000, 0x000000070e200000, 0x000000070e400000|  0%| F|  |TAMS 0x000000070e200000, 0x000000070e200000| Untracked 
|  53|0x000000070e400000, 0x000000070e400000, 0x000000070e600000|  0%| F|  |TAMS 0x000000070e400000, 0x000000070e400000| Untracked 
|  54|0x000000070e600000, 0x000000070e600000, 0x000000070e800000|  0%| F|  |TAMS 0x000000070e600000, 0x000000070e600000| Untracked 
|  55|0x000000070e800000, 0x000000070e800000, 0x000000070ea00000|  0%| F|  |TAMS 0x000000070e800000, 0x000000070e800000| Untracked 
|  56|0x000000070ea00000, 0x000000070ea00000, 0x000000070ec00000|  0%| F|  |TAMS 0x000000070ea00000, 0x000000070ea00000| Untracked 
|  57|0x000000070ec00000, 0x000000070ec00000, 0x000000070ee00000|  0%| F|  |TAMS 0x000000070ec00000, 0x000000070ec00000| Untracked 
|  58|0x000000070ee00000, 0x000000070ee00000, 0x000000070f000000|  0%| F|  |TAMS 0x000000070ee00000, 0x000000070ee00000| Untracked 
|  59|0x000000070f000000, 0x000000070f000000, 0x000000070f200000|  0%| F|  |TAMS 0x000000070f000000, 0x000000070f000000| Untracked 
|  60|0x000000070f200000, 0x000000070f200000, 0x000000070f400000|  0%| F|  |TAMS 0x000000070f200000, 0x000000070f200000| Untracked 
|  61|0x000000070f400000, 0x000000070f400000, 0x000000070f600000|  0%| F|  |TAMS 0x000000070f400000, 0x000000070f400000| Untracked 
|  62|0x000000070f600000, 0x000000070f600000, 0x000000070f800000|  0%| F|  |TAMS 0x000000070f600000, 0x000000070f600000| Untracked 
|  63|0x000000070f800000, 0x000000070f800000, 0x000000070fa00000|  0%| F|  |TAMS 0x000000070f800000, 0x000000070f800000| Untracked 
|  64|0x000000070fa00000, 0x000000070fa00000, 0x000000070fc00000|  0%| F|  |TAMS 0x000000070fa00000, 0x000000070fa00000| Untracked 
|  65|0x000000070fc00000, 0x000000070fc00000, 0x000000070fe00000|  0%| F|  |TAMS 0x000000070fc00000, 0x000000070fc00000| Untracked 
|  66|0x000000070fe00000, 0x000000070fe00000, 0x0000000710000000|  0%| F|  |TAMS 0x000000070fe00000, 0x000000070fe00000| Untracked 
|  67|0x0000000710000000, 0x0000000710000000, 0x0000000710200000|  0%| F|  |TAMS 0x0000000710000000, 0x0000000710000000| Untracked 
|  68|0x0000000710200000, 0x0000000710200000, 0x0000000710400000|  0%| F|  |TAMS 0x0000000710200000, 0x0000000710200000| Untracked 
|  69|0x0000000710400000, 0x0000000710400000, 0x0000000710600000|  0%| F|  |TAMS 0x0000000710400000, 0x0000000710400000| Untracked 
|  70|0x0000000710600000, 0x0000000710600000, 0x0000000710800000|  0%| F|  |TAMS 0x0000000710600000, 0x0000000710600000| Untracked 
|  71|0x0000000710800000, 0x0000000710800000, 0x0000000710a00000|  0%| F|  |TAMS 0x0000000710800000, 0x0000000710800000| Untracked 
|  72|0x0000000710a00000, 0x0000000710a00000, 0x0000000710c00000|  0%| F|  |TAMS 0x0000000710a00000, 0x0000000710a00000| Untracked 
|  73|0x0000000710c00000, 0x0000000710c00000, 0x0000000710e00000|  0%| F|  |TAMS 0x0000000710c00000, 0x0000000710c00000| Untracked 
|  74|0x0000000710e00000, 0x0000000710e00000, 0x0000000711000000|  0%| F|  |TAMS 0x0000000710e00000, 0x0000000710e00000| Untracked 
|  75|0x0000000711000000, 0x0000000711000000, 0x0000000711200000|  0%| F|  |TAMS 0x0000000711000000, 0x0000000711000000| Untracked 
|  76|0x0000000711200000, 0x0000000711200000, 0x0000000711400000|  0%| F|  |TAMS 0x0000000711200000, 0x0000000711200000| Untracked 
|  77|0x0000000711400000, 0x0000000711400000, 0x0000000711600000|  0%| F|  |TAMS 0x0000000711400000, 0x0000000711400000| Untracked 
|  78|0x0000000711600000, 0x0000000711600000, 0x0000000711800000|  0%| F|  |TAMS 0x0000000711600000, 0x0000000711600000| Untracked 
|  79|0x0000000711800000, 0x0000000711800000, 0x0000000711a00000|  0%| F|  |TAMS 0x0000000711800000, 0x0000000711800000| Untracked 
|  80|0x0000000711a00000, 0x0000000711a00000, 0x0000000711c00000|  0%| F|  |TAMS 0x0000000711a00000, 0x0000000711a00000| Untracked 
|  81|0x0000000711c00000, 0x0000000711c00000, 0x0000000711e00000|  0%| F|  |TAMS 0x0000000711c00000, 0x0000000711c00000| Untracked 
|  82|0x0000000711e00000, 0x0000000711e00000, 0x0000000712000000|  0%| F|  |TAMS 0x0000000711e00000, 0x0000000711e00000| Untracked 
|  83|0x0000000712000000, 0x0000000712000000, 0x0000000712200000|  0%| F|  |TAMS 0x0000000712000000, 0x0000000712000000| Untracked 
|  84|0x0000000712200000, 0x0000000712200000, 0x0000000712400000|  0%| F|  |TAMS 0x0000000712200000, 0x0000000712200000| Untracked 
|  85|0x0000000712400000, 0x0000000712400000, 0x0000000712600000|  0%| F|  |TAMS 0x0000000712400000, 0x0000000712400000| Untracked 
|  86|0x0000000712600000, 0x0000000712600000, 0x0000000712800000|  0%| F|  |TAMS 0x0000000712600000, 0x0000000712600000| Untracked 
|  87|0x0000000712800000, 0x0000000712800000, 0x0000000712a00000|  0%| F|  |TAMS 0x0000000712800000, 0x0000000712800000| Untracked 
|  88|0x0000000712a00000, 0x0000000712a00000, 0x0000000712c00000|  0%| F|  |TAMS 0x0000000712a00000, 0x0000000712a00000| Untracked 
|  89|0x0000000712c00000, 0x0000000712c00000, 0x0000000712e00000|  0%| F|  |TAMS 0x0000000712c00000, 0x0000000712c00000| Untracked 
|  90|0x0000000712e00000, 0x0000000712e00000, 0x0000000713000000|  0%| F|  |TAMS 0x0000000712e00000, 0x0000000712e00000| Untracked 
|  91|0x0000000713000000, 0x0000000713000000, 0x0000000713200000|  0%| F|  |TAMS 0x0000000713000000, 0x0000000713000000| Untracked 
|  92|0x0000000713200000, 0x0000000713200000, 0x0000000713400000|  0%| F|  |TAMS 0x0000000713200000, 0x0000000713200000| Untracked 
|  93|0x0000000713400000, 0x0000000713400000, 0x0000000713600000|  0%| F|  |TAMS 0x0000000713400000, 0x0000000713400000| Untracked 
|  94|0x0000000713600000, 0x0000000713600000, 0x0000000713800000|  0%| F|  |TAMS 0x0000000713600000, 0x0000000713600000| Untracked 
|  95|0x0000000713800000, 0x0000000713800000, 0x0000000713a00000|  0%| F|  |TAMS 0x0000000713800000, 0x0000000713800000| Untracked 
|  96|0x0000000713a00000, 0x0000000713a00000, 0x0000000713c00000|  0%| F|  |TAMS 0x0000000713a00000, 0x0000000713a00000| Untracked 
|  97|0x0000000713c00000, 0x0000000713c00000, 0x0000000713e00000|  0%| F|  |TAMS 0x0000000713c00000, 0x0000000713c00000| Untracked 
|  98|0x0000000713e00000, 0x0000000713e00000, 0x0000000714000000|  0%| F|  |TAMS 0x0000000713e00000, 0x0000000713e00000| Untracked 
|  99|0x0000000714000000, 0x0000000714000000, 0x0000000714200000|  0%| F|  |TAMS 0x0000000714000000, 0x0000000714000000| Untracked 
| 100|0x0000000714200000, 0x0000000714200000, 0x0000000714400000|  0%| F|  |TAMS 0x0000000714200000, 0x0000000714200000| Untracked 
| 101|0x0000000714400000, 0x0000000714400000, 0x0000000714600000|  0%| F|  |TAMS 0x0000000714400000, 0x0000000714400000| Untracked 
| 102|0x0000000714600000, 0x0000000714600000, 0x0000000714800000|  0%| F|  |TAMS 0x0000000714600000, 0x0000000714600000| Untracked 
| 103|0x0000000714800000, 0x0000000714800000, 0x0000000714a00000|  0%| F|  |TAMS 0x0000000714800000, 0x0000000714800000| Untracked 
| 104|0x0000000714a00000, 0x0000000714a00000, 0x0000000714c00000|  0%| F|  |TAMS 0x0000000714a00000, 0x0000000714a00000| Untracked 
| 105|0x0000000714c00000, 0x0000000714c00000, 0x0000000714e00000|  0%| F|  |TAMS 0x0000000714c00000, 0x0000000714c00000| Untracked 
| 106|0x0000000714e00000, 0x0000000714e00000, 0x0000000715000000|  0%| F|  |TAMS 0x0000000714e00000, 0x0000000714e00000| Untracked 
| 107|0x0000000715000000, 0x0000000715000000, 0x0000000715200000|  0%| F|  |TAMS 0x0000000715000000, 0x0000000715000000| Untracked 
| 108|0x0000000715200000, 0x0000000715200000, 0x0000000715400000|  0%| F|  |TAMS 0x0000000715200000, 0x0000000715200000| Untracked 
| 109|0x0000000715400000, 0x0000000715400000, 0x0000000715600000|  0%| F|  |TAMS 0x0000000715400000, 0x0000000715400000| Untracked 
| 110|0x0000000715600000, 0x0000000715600000, 0x0000000715800000|  0%| F|  |TAMS 0x0000000715600000, 0x0000000715600000| Untracked 
| 111|0x0000000715800000, 0x0000000715800000, 0x0000000715a00000|  0%| F|  |TAMS 0x0000000715800000, 0x0000000715800000| Untracked 
| 112|0x0000000715a00000, 0x0000000715a00000, 0x0000000715c00000|  0%| F|  |TAMS 0x0000000715a00000, 0x0000000715a00000| Untracked 
| 113|0x0000000715c00000, 0x0000000715c00000, 0x0000000715e00000|  0%| F|  |TAMS 0x0000000715c00000, 0x0000000715c00000| Untracked 
| 114|0x0000000715e00000, 0x0000000715e00000, 0x0000000716000000|  0%| F|  |TAMS 0x0000000715e00000, 0x0000000715e00000| Untracked 
| 115|0x0000000716000000, 0x0000000716000000, 0x0000000716200000|  0%| F|  |TAMS 0x0000000716000000, 0x0000000716000000| Untracked 
| 116|0x0000000716200000, 0x0000000716200000, 0x0000000716400000|  0%| F|  |TAMS 0x0000000716200000, 0x0000000716200000| Untracked 
| 117|0x0000000716400000, 0x0000000716400000, 0x0000000716600000|  0%| F|  |TAMS 0x0000000716400000, 0x0000000716400000| Untracked 
| 118|0x0000000716600000, 0x0000000716800000, 0x0000000716800000|100%| S|CS|TAMS 0x0000000716600000, 0x0000000716600000| Complete 
| 119|0x0000000716800000, 0x0000000716800000, 0x0000000716a00000|  0%| F|  |TAMS 0x0000000716800000, 0x0000000716800000| Untracked 
| 120|0x0000000716a00000, 0x0000000716a00000, 0x0000000716c00000|  0%| F|  |TAMS 0x0000000716a00000, 0x0000000716a00000| Untracked 
| 121|0x0000000716c00000, 0x0000000716d319c0, 0x0000000716e00000| 59%| E|  |TAMS 0x0000000716c00000, 0x0000000716c00000| Complete 
| 122|0x0000000716e00000, 0x0000000717000000, 0x0000000717000000|100%| E|CS|TAMS 0x0000000716e00000, 0x0000000716e00000| Complete 
| 123|0x0000000717000000, 0x0000000717200000, 0x0000000717200000|100%| E|CS|TAMS 0x0000000717000000, 0x0000000717000000| Complete 
| 124|0x0000000717200000, 0x0000000717400000, 0x0000000717400000|100%| E|CS|TAMS 0x0000000717200000, 0x0000000717200000| Complete 
|1985|0x00000007ffc00000, 0x00000007ffd52000, 0x00000007ffe00000| 66%|OA|  |TAMS 0x00000007ffc00000, 0x00000007ffc00000| Untracked 
|1986|0x00000007ffe00000, 0x00000007ffe7c000, 0x0000000800000000| 24%|CA|  |TAMS 0x00000007ffe00000, 0x00000007ffe00000| Untracked 

Card table byte_map: [0x00007f36c8555000,0x00007f36c8d18000] _byte_map_base: 0x00007f36c4d18000

Marking Bits (Prev, Next): (CMBitMap*) 0x00007f36e007a580, (CMBitMap*) 0x00007f36e007a5c0
 Prev Bits: [0x00007f36c3f7a000, 0x00007f36c7d92000)
 Next Bits: [0x00007f36c0162000, 0x00007f36c3f7a000)

Polling page: 0x00007f36e6a7e000

Metaspace:

Usage:
  Non-class:      5,37 MB capacity,     5,27 MB ( 98%) used,    92,13 KB (  2%) free+waste,     7,19 KB ( <1%) overhead. 
      Class:    633,00 KB capacity,   577,48 KB ( 91%) used,    52,08 KB (  8%) free+waste,     3,44 KB ( <1%) overhead. 
       Both:      5,99 MB capacity,     5,84 MB ( 97%) used,   144,21 KB (  2%) free+waste,    10,62 KB ( <1%) overhead. 

Virtual space:
  Non-class space:        8,00 MB reserved,       5,50 MB ( 69%) committed 
      Class space:        1,00 GB reserved,     768,00 KB ( <1%) committed 
             Both:        1,01 GB reserved,       6,25 MB ( <1%) committed 

Chunk freelists:
   Non-Class:  36,00 KB
       Class:  23,00 KB
        Both:  59,00 KB

MaxMetaspaceSize: 17179869184,00 GB
CompressedClassSpaceSize: 1,00 GB

CodeHeap 'non-profiled nmethods': size=120032Kb used=348Kb max_used=348Kb free=119684Kb
 bounds [0x00007f36d07e0000, 0x00007f36d0a50000, 0x00007f36d7d18000]
CodeHeap 'profiled nmethods': size=120028Kb used=1571Kb max_used=1571Kb free=118456Kb
 bounds [0x00007f36c92a9000, 0x00007f36c9519000, 0x00007f36d07e0000]
CodeHeap 'non-nmethods': size=5700Kb used=1192Kb max_used=1247Kb free=4507Kb
 bounds [0x00007f36c8d18000, 0x00007f36c8f88000, 0x00007f36c92a9000]
 total_blobs=1423 nmethods=963 adapters=374
 compilation: enabled
              stopped_count=0, restarted_count=0
 full_count=0

Compilation events (20 events):
Event: 1,401 Thread 0x00007f3690351fc0 nmethod 939% 0x00007f36d082a610 code [0x00007f36d082a7a0, 0x00007f36d082af88]
Event: 1,401 Thread 0x00007f3690351fc0  956 %     4       com.sun.imageio.plugins.png.PNGImageReader::decodeUpFilter @ 3 (53 bytes)
Event: 1,402 Thread 0x00007f36e01b5310  958       3       sun.awt.image.ByteInterleavedRaster::setDataElements (263 bytes)
Event: 1,403 Thread 0x00007f36e01b5310 nmethod 958 0x00007f36c942d690 code [0x00007f36c942d8c0, 0x00007f36c942e4c0]
Event: 1,403 Thread 0x00007f36e01b5310  959       3       sun.awt.image.ByteInterleavedRaster::getByteData (851 bytes)
Event: 1,405 Thread 0x00007f36e01b5310 nmethod 959 0x00007f36c942e910 code [0x00007f36c942ec00, 0x00007f36c9430560]
Event: 1,407 Thread 0x00007f36e01b5310  961       3       javax.imageio.stream.ImageInputStreamImpl::readInt (142 bytes)
Event: 1,407 Thread 0x00007f36e01b5310 nmethod 961 0x00007f36c9431110 code [0x00007f36c94312e0, 0x00007f36c94316f0]
Event: 1,413 Thread 0x00007f36e01b3ae0 nmethod 758 0x00007f36d082b290 code [0x00007f36d082b6c0, 0x00007f36d0830ff0]
Event: 1,413 Thread 0x00007f36e01b3ae0  960       4       sun.awt.image.ByteInterleavedRaster::putByteData (834 bytes)
Event: 1,426 Thread 0x00007f36e01b3ae0 nmethod 960 0x00007f36d0833910 code [0x00007f36d0833aa0, 0x00007f36d0834178]
Event: 1,426 Thread 0x00007f36e01b3ae0  943 %     4       com.sun.imageio.plugins.png.PNGImageReader::decodePaethFilter @ 56 (143 bytes)
Event: 1,427 Thread 0x00007f3690351fc0 nmethod 956% 0x00007f36d0834690 code [0x00007f36d0834820, 0x00007f36d0834dd8]
Event: 1,427 Thread 0x00007f3690351fc0  957 %     4       com.sun.imageio.plugins.png.PNGImageReader::decodeSubFilter @ 3 (54 bytes)
Event: 1,439 Thread 0x00007f36e01b3ae0 nmethod 943% 0x00007f36d0834f10 code [0x00007f36d08350a0, 0x00007f36d0835758]
Event: 1,439 Thread 0x00007f36e01b3ae0  962 %     4       sun.awt.image.ByteInterleavedRaster::getByteData @ 646 (851 bytes)
Event: 1,452 Thread 0x00007f3690351fc0 nmethod 957% 0x00007f36d0835910 code [0x00007f36d0835a80, 0x00007f36d0835fd8]
Event: 1,455 Thread 0x00007f36e01b5310  963       3       java.lang.reflect.Method::getParameterTypes (11 bytes)
Event: 1,455 Thread 0x00007f36e01b5310 nmethod 963 0x00007f36c9431890 code [0x00007f36c9431a40, 0x00007f36c9431d00]
Event: 1,466 Thread 0x00007f36e01b3ae0 nmethod 962% 0x00007f36d0836110 code [0x00007f36d08362a0, 0x00007f36d0836d38]

GC Heap History (2 events):
Event: 0,949 GC heap before
{Heap before GC invocations=0 (full 0):
 garbage-first heap   total 260096K, used 12088K [0x0000000707a00000, 0x0000000800000000)
  region size 2048K, 6 young (12288K), 0 survivors (0K)
 Metaspace       used 3662K, capacity 5470K, committed 5760K, reserved 1056768K
  class space    used 354K, capacity 520K, committed 640K, reserved 1048576K
}
Event: 0,966 GC heap after
{Heap after GC invocations=1 (full 0):
 garbage-first heap   total 260096K, used 7350K [0x0000000707a00000, 0x0000000800000000)
  region size 2048K, 1 young (2048K), 1 survivors (2048K)
 Metaspace       used 3662K, capacity 5470K, committed 5760K, reserved 1056768K
  class space    used 354K, capacity 520K, committed 640K, reserved 1048576K
}

Deoptimization events (20 events):
Event: 1,419 Thread 0x00007f36e002b830 DEOPT PACKING pc=0x00007f36c9425add sp=0x00007f36e552e3a0
Event: 1,419 Thread 0x00007f36e002b830 DEOPT UNPACKING pc=0x00007f36c8d65f2b sp=0x00007f36e552d880 mode 0
Event: 1,419 Thread 0x00007f36e002b830 DEOPT PACKING pc=0x00007f36c9426695 sp=0x00007f36e552e3f0
Event: 1,419 Thread 0x00007f36e002b830 DEOPT UNPACKING pc=0x00007f36c8d65f2b sp=0x00007f36e552d8a8 mode 0
Event: 1,420 Thread 0x00007f36e002b830 DEOPT PACKING pc=0x00007f36c9422538 sp=0x00007f36e552e1a0
Event: 1,420 Thread 0x00007f36e002b830 DEOPT UNPACKING pc=0x00007f36c8d65f2b sp=0x00007f36e552d698 mode 0
Event: 1,420 Thread 0x00007f36e002b830 DEOPT PACKING pc=0x00007f36c94249c0 sp=0x00007f36e552e3f0
Event: 1,420 Thread 0x00007f36e002b830 DEOPT UNPACKING pc=0x00007f36c8d65f2b sp=0x00007f36e552d8a0 mode 0
Event: 1,420 Thread 0x00007f36e002b830 DEOPT PACKING pc=0x00007f36c9425add sp=0x00007f36e552e3a0
Event: 1,420 Thread 0x00007f36e002b830 DEOPT UNPACKING pc=0x00007f36c8d65f2b sp=0x00007f36e552d880 mode 0
Event: 1,421 Thread 0x00007f36e002b830 DEOPT PACKING pc=0x00007f36c9426695 sp=0x00007f36e552e3f0
Event: 1,421 Thread 0x00007f36e002b830 DEOPT UNPACKING pc=0x00007f36c8d65f2b sp=0x00007f36e552d8a8 mode 0
Event: 1,422 Thread 0x00007f36e002b830 DEOPT PACKING pc=0x00007f36c9422538 sp=0x00007f36e552e500
Event: 1,422 Thread 0x00007f36e002b830 DEOPT UNPACKING pc=0x00007f36c8d65f2b sp=0x00007f36e552d9f8 mode 0
Event: 1,422 Thread 0x00007f36e002b830 DEOPT PACKING pc=0x00007f36c9422538 sp=0x00007f36e552e500
Event: 1,422 Thread 0x00007f36e002b830 DEOPT UNPACKING pc=0x00007f36c8d65f2b sp=0x00007f36e552d9f8 mode 0
Event: 1,423 Thread 0x00007f36e002b830 DEOPT PACKING pc=0x00007f36c9422538 sp=0x00007f36e552e500
Event: 1,423 Thread 0x00007f36e002b830 DEOPT UNPACKING pc=0x00007f36c8d65f2b sp=0x00007f36e552d9f8 mode 0
Event: 1,423 Thread 0x00007f36e002b830 DEOPT PACKING pc=0x00007f36c9422538 sp=0x00007f36e552e500
Event: 1,423 Thread 0x00007f36e002b830 DEOPT UNPACKING pc=0x00007f36c8d65f2b sp=0x00007f36e552d9f8 mode 0

Classes unloaded (0 events):
No events

Classes redefined (0 events):
No events

Internal exceptions (19 events):
Event: 0,230 Thread 0x00007f36e002b830 Implicit null exception at 0x00007f36d07eaeb5 to 0x00007f36d07eb01c
Event: 0,362 Thread 0x00007f36e05587d0 Exception <a 'java/lang/NoSuchMethodError'{0x0000000716c48258}: 'java.lang.Object java.lang.invoke.DirectMethodHandle$Holder.invokeStatic(java.lang.Object)'> (0x0000000716c48258) 
thrown [open/src/hotspot/share/interpreter/linkResolver.cpp, line 781]
Event: 0,363 Thread 0x00007f36e05587d0 Exception <a 'java/lang/NoSuchMethodError'{0x0000000716c4ba40}: 'java.lang.Object java.lang.invoke.DirectMethodHandle$Holder.invokeStaticInit(java.lang.Object)'> (0x0000000716c4ba40) 
thrown [open/src/hotspot/share/interpreter/linkResolver.cpp, line 781]
Event: 0,373 Thread 0x00007f36e05587d0 Exception <a 'java/lang/NoSuchMethodError'{0x0000000716c59890}: 'void java.lang.invoke.DirectMethodHandle$Holder.invokeStatic(java.lang.Object, java.lang.Object)'> (0x0000000716c59890) 
thrown [open/src/hotspot/share/interpreter/linkResolver.cpp, line 781]
Event: 0,463 Thread 0x00007f36e002b830 Exception <a 'java/lang/ClassNotFoundException'{0x0000000716a19df8}: javax/smartcardio/CardPermission> (0x0000000716a19df8) 
thrown [open/src/hotspot/share/classfile/systemDictionary.cpp, line 295]
Event: 0,467 Thread 0x00007f36e002b830 Exception <a 'java/io/FileNotFoundException'{0x0000000716a26d38}> (0x0000000716a26d38) 
thrown [open/src/hotspot/share/prims/jni.cpp, line 578]
Event: 0,480 Thread 0x00007f36e002b830 Exception <a 'java/lang/NoSuchMethodError'{0x0000000716a45458}: 'void java.lang.invoke.DirectMethodHandle$Holder.invokeSpecial(java.lang.Object, java.lang.Object, java.lang.Object)'> (0x0000000716a45458) 
thrown [open/src/hotspot/share/interpreter/linkResolver.cpp, line 781]
Event: 0,646 Thread 0x00007f36e002b830 Exception <a 'java/lang/ClassNotFoundException'{0x0000000716824268}: sun/awt/resources/spi/awtProvider> (0x0000000716824268) 
thrown [open/src/hotspot/share/classfile/systemDictionary.cpp, line 295]
Event: 0,741 Thread 0x00007f36e002b830 Exception <a 'java/io/FileNotFoundException'{0x0000000716871568}> (0x0000000716871568) 
thrown [open/src/hotspot/share/prims/jni.cpp, line 578]
Event: 0,769 Thread 0x00007f36e002b830 Exception <a 'java/io/FileNotFoundException'{0x000000071689fed0}> (0x000000071689fed0) 
thrown [open/src/hotspot/share/prims/jni.cpp, line 578]
Event: 1,059 Thread 0x00007f36e002b830 Exception <a 'java/lang/NoSuchMethodError'{0x00000007173016b0}: 'void java.lang.invoke.DirectMethodHandle$Holder.invokeStaticInit(java.lang.Object, java.lang.Object)'> (0x00000007173016b0) 
thrown [open/src/hotspot/share/interpreter/linkResolver.cpp, line 781]
Event: 1,144 Thread 0x00007f36e002b830 Exception <a 'java/lang/NoSuchMethodError'{0x00000007173a5058}: 'java.lang.Object java.lang.invoke.DirectMethodHandle$Holder.invokeStaticInit(java.lang.Object, java.lang.Object, long, java.lang.Object)'> (0x00000007173a5058) 
thrown [open/src/hotspot/share/interpreter/linkResolver.cpp, line 781]
Event: 1,145 Thread 0x00007f36e002b830 Exception <a 'java/lang/NoSuchMethodError'{0x00000007173abbd0}: 'java.lang.Object java.lang.invoke.DirectMethodHandle$Holder.newInvokeSpecial(java.lang.Object, java.lang.Object, long)'> (0x00000007173abbd0) 
thrown [open/src/hotspot/share/interpreter/linkResolver.cpp, line 781]
Event: 1,147 Thread 0x00007f36e002b830 Exception <a 'java/lang/NoSuchMethodError'{0x00000007173af940}: 'java.lang.Object java.lang.invoke.Invokers$Holder.linkToTargetMethod(java.lang.Object, long, java.lang.Object)'> (0x00000007173af940) 
thrown [open/src/hotspot/share/interpreter/linkResolver.cpp, line 781]
Event: 1,153 Thread 0x00007f36e002b830 Exception <a 'java/lang/NoSuchMethodError'{0x00000007173b7520}: 'java.lang.Object java.lang.invoke.DirectMethodHandle$Holder.newInvokeSpecial(java.lang.Object, java.lang.Object, java.lang.Object, int)'> (0x00000007173b7520) 
thrown [open/src/hotspot/share/interpreter/linkResolver.cpp, line 781]
Event: 1,154 Thread 0x00007f36e002b830 Exception <a 'java/lang/NoSuchMethodError'{0x00000007173bba08}: 'java.lang.Object java.lang.invoke.DirectMethodHandle$Holder.invokeSpecial(java.lang.Object, java.lang.Object, java.lang.Object, java.lang.Object, int)'> (0x00000007173bba08) 
thrown [open/src/hotspot/share/interpreter/linkResolver.cpp, line 781]
Event: 1,157 Thread 0x00007f36e002b830 Exception <a 'java/lang/NoSuchMethodError'{0x00000007173bf7c8}: 'java.lang.Object java.lang.invoke.Invokers$Holder.linkToTargetMethod(java.lang.Object, java.lang.Object, int, java.lang.Object)'> (0x00000007173bf7c8) 
thrown [open/src/hotspot/share/interpreter/linkResolver.cpp, line 781]
Event: 1,183 Thread 0x00007f36e002b830 Exception <a 'java/lang/UnsatisfiedLinkError'{0x000000071703d958}: libtesseract.so: cannot open shared object file: No such file or directory> (0x000000071703d958) 
thrown [open/src/hotspot/share/prims/jni.cpp, line 599]
Event: 1,184 Thread 0x00007f36e002b830 Exception <a 'java/lang/UnsatisfiedLinkError'{0x000000071703ee48}: libtesseract.so: cannot open shared object file: No such file or directory> (0x000000071703ee48) 
thrown [open/src/hotspot/share/prims/jni.cpp, line 599]

Events (20 events):
Event: 1,322 loading class java/awt/ImageCapabilities
Event: 1,322 loading class java/awt/ImageCapabilities done
Event: 1,322 loading class java/awt/Image$1
Event: 1,322 loading class sun/awt/image/SurfaceManager$ImageAccessor
Event: 1,322 loading class sun/awt/image/SurfaceManager$ImageAccessor done
Event: 1,322 loading class java/awt/Image$1 done
Event: 1,322 loading class sun/awt/image/SurfaceManager
Event: 1,322 loading class sun/awt/image/SurfaceManager done
Event: 1,322 loading class java/awt/image/BufferedImage$1
Event: 1,322 loading class java/awt/image/BufferedImage$1 done
Event: 1,323 loading class sun/awt/image/IntegerComponentRaster
Event: 1,323 loading class sun/awt/image/IntegerComponentRaster done
Event: 1,323 loading class sun/awt/image/ShortComponentRaster
Event: 1,323 loading class sun/awt/image/ShortComponentRaster done
Event: 1,323 loading class com/sun/imageio/plugins/common/ReaderUtil
Event: 1,324 loading class com/sun/imageio/plugins/common/ReaderUtil done
Event: 1,421 loading class javax/imageio/IIOImage
Event: 1,421 loading class javax/imageio/IIOImage done
Event: 1,451 loading class java/lang/StrictMath
Event: 1,452 loading class java/lang/StrictMath done


Dynamic libraries:
707a00000-717400000 rw-p 00000000 00:00 0 
717400000-7ffc00000 ---p 00000000 00:00 0 
7ffc00000-7ffd00000 rw-p 00000000 00:00 0 
7ffd00000-7ffd52000 rw-p 00be4000 08:02 8257643                          /usr/lib/jvm/java-15-openjdk-amd64/lib/server/classes.jsa
7ffd52000-7ffe00000 rw-p 00000000 00:00 0 
7ffe00000-7ffe7c000 rw-p 00b68000 08:02 8257643                          /usr/lib/jvm/java-15-openjdk-amd64/lib/server/classes.jsa
7ffe7c000-800000000 rw-p 00000000 00:00 0 
800000000-800003000 rwxp 00001000 08:02 8257643                          /usr/lib/jvm/java-15-openjdk-amd64/lib/server/classes.jsa
800003000-8003e6000 rw-p 00004000 08:02 8257643                          /usr/lib/jvm/java-15-openjdk-amd64/lib/server/classes.jsa
8003e6000-800b33000 r--p 003e7000 08:02 8257643                          /usr/lib/jvm/java-15-openjdk-amd64/lib/server/classes.jsa
800b33000-800b34000 ---p 00000000 00:00 0 
800b34000-800bf4000 rw-p 00000000 00:00 0 
800bf4000-840b34000 ---p 00000000 00:00 0 
564df0667000-564df0668000 r-xp 00000000 08:02 8129185                    /usr/lib/jvm/java-15-openjdk-amd64/bin/java
564df0669000-564df066a000 r--p 00001000 08:02 8129185                    /usr/lib/jvm/java-15-openjdk-amd64/bin/java
564df066a000-564df066b000 rw-p 00002000 08:02 8129185                    /usr/lib/jvm/java-15-openjdk-amd64/bin/java
564df1558000-564df1579000 rw-p 00000000 00:00 0                          [heap]
7f3658000000-7f3658021000 rw-p 00000000 00:00 0 
7f3658021000-7f365c000000 ---p 00000000 00:00 0 
7f365c000000-7f365c206000 rw-p 00000000 00:00 0 
7f365c206000-7f3660000000 ---p 00000000 00:00 0 
7f3660000000-7f3660021000 rw-p 00000000 00:00 0 
7f3660021000-7f3664000000 ---p 00000000 00:00 0 
7f3664000000-7f3664055000 rw-p 00000000 00:00 0 
7f3664055000-7f3668000000 ---p 00000000 00:00 0 
7f3668000000-7f3668021000 rw-p 00000000 00:00 0 
7f3668021000-7f366c000000 ---p 00000000 00:00 0 
7f366c000000-7f366c021000 rw-p 00000000 00:00 0 
7f366c021000-7f3670000000 ---p 00000000 00:00 0 
7f3670000000-7f3670080000 rw-p 00000000 00:00 0 
7f3670080000-7f3674000000 ---p 00000000 00:00 0 
7f3674000000-7f3674021000 rw-p 00000000 00:00 0 
7f3674021000-7f3678000000 ---p 00000000 00:00 0 
7f36780ee000-7f36780f2000 ---p 00000000 00:00 0 
7f36780f2000-7f36781ef000 rw-p 00000000 00:00 0 
7f36781ef000-7f36781f0000 r--p 00000000 08:02 2105189                    /usr/lib/x86_64-linux-gnu/libicudata.so.66.1
7f36781f0000-7f36781f1000 r-xp 00001000 08:02 2105189                    /usr/lib/x86_64-linux-gnu/libicudata.so.66.1
7f36781f1000-7f3679cae000 r--p 00002000 08:02 2105189                    /usr/lib/x86_64-linux-gnu/libicudata.so.66.1
7f3679cae000-7f3679caf000 r--p 01abe000 08:02 2105189                    /usr/lib/x86_64-linux-gnu/libicudata.so.66.1
7f3679caf000-7f3679cb0000 rw-p 01abf000 08:02 2105189                    /usr/lib/x86_64-linux-gnu/libicudata.so.66.1
7f3679cb0000-7f3679cbb000 r-xp 00000000 08:02 2105242                    /usr/lib/x86_64-linux-gnu/libjbig.so.0
7f3679cbb000-7f3679eba000 ---p 0000b000 08:02 2105242                    /usr/lib/x86_64-linux-gnu/libjbig.so.0
7f3679eba000-7f3679ebb000 r--p 0000a000 08:02 2105242                    /usr/lib/x86_64-linux-gnu/libjbig.so.0
7f3679ebb000-7f3679ebe000 rw-p 0000b000 08:02 2105242                    /usr/lib/x86_64-linux-gnu/libjbig.so.0
7f3679ebe000-7f3679f23000 r--p 00000000 08:02 2105199                    /usr/lib/x86_64-linux-gnu/libicuuc.so.66.1
7f3679f23000-7f367a008000 r-xp 00065000 08:02 2105199                    /usr/lib/x86_64-linux-gnu/libicuuc.so.66.1
7f367a008000-7f367a08e000 r--p 0014a000 08:02 2105199                    /usr/lib/x86_64-linux-gnu/libicuuc.so.66.1
7f367a08e000-7f367a08f000 ---p 001d0000 08:02 2105199                    /usr/lib/x86_64-linux-gnu/libicuuc.so.66.1
7f367a08f000-7f367a0a1000 r--p 001d0000 08:02 2105199                    /usr/lib/x86_64-linux-gnu/libicuuc.so.66.1
7f367a0a1000-7f367a0a2000 rw-p 001e2000 08:02 2105199                    /usr/lib/x86_64-linux-gnu/libicuuc.so.66.1
7f367a0a2000-7f367a0a4000 rw-p 00000000 00:00 0 
7f367a0a4000-7f367a0a7000 r--p 00000000 08:02 2105447                    /usr/lib/x86_64-linux-gnu/libopenjp2.so.2.3.1
7f367a0a7000-7f367a0e8000 r-xp 00003000 08:02 2105447                    /usr/lib/x86_64-linux-gnu/libopenjp2.so.2.3.1
7f367a0e8000-7f367a0f8000 r--p 00044000 08:02 2105447                    /usr/lib/x86_64-linux-gnu/libopenjp2.so.2.3.1
7f367a0f8000-7f367a0f9000 r--p 00053000 08:02 2105447                    /usr/lib/x86_64-linux-gnu/libopenjp2.so.2.3.1
7f367a0f9000-7f367a0fa000 rw-p 00054000 08:02 2105447                    /usr/lib/x86_64-linux-gnu/libopenjp2.so.2.3.1
7f367a0fa000-7f367a160000 r-xp 00000000 08:02 2105888                    /usr/lib/x86_64-linux-gnu/libwebp.so.6.0.2
7f367a160000-7f367a35f000 ---p 00066000 08:02 2105888                    /usr/lib/x86_64-linux-gnu/libwebp.so.6.0.2
7f367a35f000-7f367a360000 r--p 00065000 08:02 2105888                    /usr/lib/x86_64-linux-gnu/libwebp.so.6.0.2
7f367a360000-7f367a361000 rw-p 00066000 08:02 2105888                    /usr/lib/x86_64-linux-gnu/libwebp.so.6.0.2
7f367a361000-7f367a363000 rw-p 00000000 00:00 0 
7f367a363000-7f367a36c000 r-xp 00000000 08:02 2105892                    /usr/lib/x86_64-linux-gnu/libwebpmux.so.3.0.1
7f367a36c000-7f367a56b000 ---p 00009000 08:02 2105892                    /usr/lib/x86_64-linux-gnu/libwebpmux.so.3.0.1
7f367a56b000-7f367a56c000 r--p 00008000 08:02 2105892                    /usr/lib/x86_64-linux-gnu/libwebpmux.so.3.0.1
7f367a56c000-7f367a56d000 rw-p 00009000 08:02 2105892                    /usr/lib/x86_64-linux-gnu/libwebpmux.so.3.0.1
7f367a56d000-7f367a575000 r--p 00000000 08:02 2105766                    /usr/lib/x86_64-linux-gnu/libtiff.so.5.5.0
7f367a575000-7f367a5b9000 r-xp 00008000 08:02 2105766                    /usr/lib/x86_64-linux-gnu/libtiff.so.5.5.0
7f367a5b9000-7f367a5e8000 r--p 0004c000 08:02 2105766                    /usr/lib/x86_64-linux-gnu/libtiff.so.5.5.0
7f367a5e8000-7f367a5e9000 ---p 0007b000 08:02 2105766                    /usr/lib/x86_64-linux-gnu/libtiff.so.5.5.0
7f367a5e9000-7f367a5ed000 r--p 0007b000 08:02 2105766                    /usr/lib/x86_64-linux-gnu/libtiff.so.5.5.0
7f367a5ed000-7f367a5ee000 rw-p 0007f000 08:02 2105766                    /usr/lib/x86_64-linux-gnu/libtiff.so.5.5.0
7f367a5ee000-7f367a5f0000 r--p 00000000 08:02 2104987                    /usr/lib/x86_64-linux-gnu/libgif.so.7.1.0
7f367a5f0000-7f367a5f5000 r-xp 00002000 08:02 2104987                    /usr/lib/x86_64-linux-gnu/libgif.so.7.1.0
7f367a5f5000-7f367a5f7000 r--p 00007000 08:02 2104987                    /usr/lib/x86_64-linux-gnu/libgif.so.7.1.0
7f367a5f7000-7f367a5f8000 r--p 00008000 08:02 2104987                    /usr/lib/x86_64-linux-gnu/libgif.so.7.1.0
7f367a5f8000-7f367a5f9000 rw-p 00009000 08:02 2104987                    /usr/lib/x86_64-linux-gnu/libgif.so.7.1.0
7f367a5f9000-7f367a5fd000 r--p 00000000 08:02 2105246                    /usr/lib/x86_64-linux-gnu/libjpeg.so.8.2.2
7f367a5fd000-7f367a641000 r-xp 00004000 08:02 2105246                    /usr/lib/x86_64-linux-gnu/libjpeg.so.8.2.2
7f367a641000-7f367a67b000 r--p 00048000 08:02 2105246                    /usr/lib/x86_64-linux-gnu/libjpeg.so.8.2.2
7f367a67b000-7f367a67c000 ---p 00082000 08:02 2105246                    /usr/lib/x86_64-linux-gnu/libjpeg.so.8.2.2
7f367a67c000-7f367a67d000 r--p 00082000 08:02 2105246                    /usr/lib/x86_64-linux-gnu/libjpeg.so.8.2.2
7f367a67d000-7f367a67e000 rw-p 00083000 08:02 2105246                    /usr/lib/x86_64-linux-gnu/libjpeg.so.8.2.2
7f367a67e000-7f367a683000 r--p 00000000 08:02 2105541                    /usr/lib/x86_64-linux-gnu/libpng16.so.16.37.0
7f367a683000-7f367a6a8000 r-xp 00005000 08:02 2105541                    /usr/lib/x86_64-linux-gnu/libpng16.so.16.37.0
7f367a6a8000-7f367a6b4000 r--p 0002a000 08:02 2105541                    /usr/lib/x86_64-linux-gnu/libpng16.so.16.37.0
7f367a6b4000-7f367a6b5000 r--p 00035000 08:02 2105541                    /usr/lib/x86_64-linux-gnu/libpng16.so.16.37.0
7f367a6b5000-7f367a6b6000 rw-p 00036000 08:02 2105541                    /usr/lib/x86_64-linux-gnu/libpng16.so.16.37.0
7f367a6b6000-7f367a6e3000 r--p 00000000 08:02 2105969                    /usr/lib/x86_64-linux-gnu/libxml2.so.2.9.10
7f367a6e3000-7f367a80d000 r-xp 0002d000 08:02 2105969                    /usr/lib/x86_64-linux-gnu/libxml2.so.2.9.10
7f367a80d000-7f367a864000 r--p 00157000 08:02 2105969                    /usr/lib/x86_64-linux-gnu/libxml2.so.2.9.10
7f367a864000-7f367a86d000 r--p 001ad000 08:02 2105969                    /usr/lib/x86_64-linux-gnu/libxml2.so.2.9.10
7f367a86d000-7f367a86e000 rw-p 001b6000 08:02 2105969                    /usr/lib/x86_64-linux-gnu/libxml2.so.2.9.10
7f367a86e000-7f367a870000 rw-p 00000000 00:00 0 
7f367a870000-7f367a872000 r--p 00000000 08:02 2104658                    /usr/lib/x86_64-linux-gnu/libbz2.so.1.0.4
7f367a872000-7f367a87f000 r-xp 00002000 08:02 2104658                    /usr/lib/x86_64-linux-gnu/libbz2.so.1.0.4
7f367a87f000-7f367a881000 r--p 0000f000 08:02 2104658                    /usr/lib/x86_64-linux-gnu/libbz2.so.1.0.4
7f367a881000-7f367a882000 r--p 00010000 08:02 2104658                    /usr/lib/x86_64-linux-gnu/libbz2.so.1.0.4
7f367a882000-7f367a883000 rw-p 00011000 08:02 2104658                    /usr/lib/x86_64-linux-gnu/libbz2.so.1.0.4
7f367a883000-7f367a885000 r--p 00000000 08:02 2105294                    /usr/lib/x86_64-linux-gnu/liblz4.so.1.9.2
7f367a885000-7f367a89f000 r-xp 00002000 08:02 2105294                    /usr/lib/x86_64-linux-gnu/liblz4.so.1.9.2
7f367a89f000-7f367a8a2000 r--p 0001c000 08:02 2105294                    /usr/lib/x86_64-linux-gnu/liblz4.so.1.9.2
7f367a8a2000-7f367a8a3000 r--p 0001e000 08:02 2105294                    /usr/lib/x86_64-linux-gnu/liblz4.so.1.9.2
7f367a8a3000-7f367a8a4000 rw-p 0001f000 08:02 2105294                    /usr/lib/x86_64-linux-gnu/liblz4.so.1.9.2
7f367a8a4000-7f367a8a8000 r--p 00000000 08:02 2105991                    /usr/lib/x86_64-linux-gnu/libzstd.so.1.4.4
7f367a8a8000-7f367a93a000 r-xp 00004000 08:02 2105991                    /usr/lib/x86_64-linux-gnu/libzstd.so.1.4.4
7f367a93a000-7f367a94b000 r--p 00096000 08:02 2105991                    /usr/lib/x86_64-linux-gnu/libzstd.so.1.4.4
7f367a94b000-7f367a94c000 r--p 000a6000 08:02 2105991                    /usr/lib/x86_64-linux-gnu/libzstd.so.1.4.4
7f367a94c000-7f367a94d000 rw-p 000a7000 08:02 2105991                    /usr/lib/x86_64-linux-gnu/libzstd.so.1.4.4
7f367a94d000-7f367a950000 r--p 00000000 08:02 2103056                    /usr/lib/x86_64-linux-gnu/liblzma.so.5.2.4
7f367a950000-7f367a968000 r-xp 00003000 08:02 2103056                    /usr/lib/x86_64-linux-gnu/liblzma.so.5.2.4
7f367a968000-7f367a973000 r--p 0001b000 08:02 2103056                    /usr/lib/x86_64-linux-gnu/liblzma.so.5.2.4
7f367a973000-7f367a974000 ---p 00026000 08:02 2103056                    /usr/lib/x86_64-linux-gnu/liblzma.so.5.2.4
7f367a974000-7f367a975000 r--p 00026000 08:02 2103056                    /usr/lib/x86_64-linux-gnu/liblzma.so.5.2.4
7f367a975000-7f367a976000 rw-p 00027000 08:02 2103056                    /usr/lib/x86_64-linux-gnu/liblzma.so.5.2.4
7f367a976000-7f367a978000 r--p 00000000 08:02 2104545                    /usr/lib/x86_64-linux-gnu/libacl.so.1.1.2253
7f367a978000-7f367a97d000 r-xp 00002000 08:02 2104545                    /usr/lib/x86_64-linux-gnu/libacl.so.1.1.2253
7f367a97d000-7f367a97f000 r--p 00007000 08:02 2104545                    /usr/lib/x86_64-linux-gnu/libacl.so.1.1.2253
7f367a97f000-7f367a980000 r--p 00008000 08:02 2104545                    /usr/lib/x86_64-linux-gnu/libacl.so.1.1.2253
7f367a980000-7f367a981000 rw-p 00009000 08:02 2104545                    /usr/lib/x86_64-linux-gnu/libacl.so.1.1.2253
7f367a981000-7f367a98a000 r--p 00000000 08:02 2105388                    /usr/lib/x86_64-linux-gnu/libnettle.so.7.0
7f367a98a000-7f367a9a8000 r-xp 00009000 08:02 2105388                    /usr/lib/x86_64-linux-gnu/libnettle.so.7.0
7f367a9a8000-7f367a9b8000 r--p 00027000 08:02 2105388                    /usr/lib/x86_64-linux-gnu/libnettle.so.7.0
7f367a9b8000-7f367a9ba000 r--p 00036000 08:02 2105388                    /usr/lib/x86_64-linux-gnu/libnettle.so.7.0
7f367a9ba000-7f367a9bb000 rw-p 00038000 08:02 2105388                    /usr/lib/x86_64-linux-gnu/libnettle.so.7.0
7f367a9bb000-7f367a9c4000 r--p 00000000 08:02 2099325                    /usr/lib/x86_64-linux-gnu/libgomp.so.1.0.0
7f367a9c4000-7f367a9ef000 r-xp 00009000 08:02 2099325                    /usr/lib/x86_64-linux-gnu/libgomp.so.1.0.0
7f367a9ef000-7f367a9fb000 r--p 00034000 08:02 2099325                    /usr/lib/x86_64-linux-gnu/libgomp.so.1.0.0
7f367a9fb000-7f367a9fc000 r--p 0003f000 08:02 2099325                    /usr/lib/x86_64-linux-gnu/libgomp.so.1.0.0
7f367a9fc000-7f367a9fd000 rw-p 00040000 08:02 2099325                    /usr/lib/x86_64-linux-gnu/libgomp.so.1.0.0
7f367a9fd000-7f367aa00000 r--p 00000000 08:02 2099328                    /usr/lib/x86_64-linux-gnu/libgcc_s.so.1
7f367aa00000-7f367aa12000 r-xp 00003000 08:02 2099328                    /usr/lib/x86_64-linux-gnu/libgcc_s.so.1
7f367aa12000-7f367aa16000 r--p 00015000 08:02 2099328                    /usr/lib/x86_64-linux-gnu/libgcc_s.so.1
7f367aa16000-7f367aa17000 r--p 00018000 08:02 2099328                    /usr/lib/x86_64-linux-gnu/libgcc_s.so.1
7f367aa17000-7f367aa18000 rw-p 00019000 08:02 2099328                    /usr/lib/x86_64-linux-gnu/libgcc_s.so.1
7f367aa18000-7f367aaae000 r--p 00000000 08:02 2099331                    /usr/lib/x86_64-linux-gnu/libstdc++.so.6.0.28
7f367aaae000-7f367ab9e000 r-xp 00096000 08:02 2099331                    /usr/lib/x86_64-linux-gnu/libstdc++.so.6.0.28
7f367ab9e000-7f367abe7000 r--p 00186000 08:02 2099331                    /usr/lib/x86_64-linux-gnu/libstdc++.so.6.0.28
7f367abe7000-7f367abe8000 ---p 001cf000 08:02 2099331                    /usr/lib/x86_64-linux-gnu/libstdc++.so.6.0.28
7f367abe8000-7f367abf3000 r--p 001cf000 08:02 2099331                    /usr/lib/x86_64-linux-gnu/libstdc++.so.6.0.28
7f367abf3000-7f367abf6000 rw-p 001da000 08:02 2099331                    /usr/lib/x86_64-linux-gnu/libstdc++.so.6.0.28
7f367abf6000-7f367abf9000 rw-p 00000000 00:00 0 
7f367abf9000-7f367ac21000 r--p 00000000 08:02 2118953                    /usr/lib/x86_64-linux-gnu/liblept.so.5.0.4
7f367ac21000-7f367ade4000 r-xp 00028000 08:02 2118953                    /usr/lib/x86_64-linux-gnu/liblept.so.5.0.4
7f367ade4000-7f367ae74000 r--p 001eb000 08:02 2118953                    /usr/lib/x86_64-linux-gnu/liblept.so.5.0.4
7f367ae74000-7f367ae75000 ---p 0027b000 08:02 2118953                    /usr/lib/x86_64-linux-gnu/liblept.so.5.0.4
7f367ae75000-7f367ae76000 r--p 0027b000 08:02 2118953                    /usr/lib/x86_64-linux-gnu/liblept.so.5.0.4
7f367ae76000-7f367ae7c000 rw-p 0027c000 08:02 2118953                    /usr/lib/x86_64-linux-gnu/liblept.so.5.0.4
7f367ae7c000-7f367ae8d000 r--p 00000000 08:02 2104565                    /usr/lib/x86_64-linux-gnu/libarchive.so.13.4.0
7f367ae8d000-7f367af11000 r-xp 00011000 08:02 2104565                    /usr/lib/x86_64-linux-gnu/libarchive.so.13.4.0
7f367af11000-7f367af39000 r--p 00095000 08:02 2104565                    /usr/lib/x86_64-linux-gnu/libarchive.so.13.4.0
7f367af39000-7f367af3a000 ---p 000bd000 08:02 2104565                    /usr/lib/x86_64-linux-gnu/libarchive.so.13.4.0
7f367af3a000-7f367af3d000 r--p 000bd000 08:02 2104565                    /usr/lib/x86_64-linux-gnu/libarchive.so.13.4.0
7f367af3d000-7f367af3e000 rw-p 000c0000 08:02 2104565                    /usr/lib/x86_64-linux-gnu/libarchive.so.13.4.0
7f367af3e000-7f367afb9000 r--p 00000000 08:02 2118955                    /usr/lib/x86_64-linux-gnu/libtesseract.so.4.0.1
7f367afb9000-7f367b1ae000 r-xp 0007b000 08:02 2118955                    /usr/lib/x86_64-linux-gnu/libtesseract.so.4.0.1
7f367b1ae000-7f367b262000 r--p 00270000 08:02 2118955                    /usr/lib/x86_64-linux-gnu/libtesseract.so.4.0.1
7f367b262000-7f367b263000 ---p 00324000 08:02 2118955                    /usr/lib/x86_64-linux-gnu/libtesseract.so.4.0.1
7f367b263000-7f367b268000 r--p 00324000 08:02 2118955                    /usr/lib/x86_64-linux-gnu/libtesseract.so.4.0.1
7f367b268000-7f367b269000 rw-p 00329000 08:02 2118955                    /usr/lib/x86_64-linux-gnu/libtesseract.so.4.0.1
7f367b269000-7f367b26c000 rw-p 00000000 00:00 0 
7f367b26c000-7f367b270000 ---p 00000000 00:00 0 
7f367b270000-7f367b28e000 rw-p 00000000 00:00 0 
7f367b28e000-7f367b292000 ---p 00000000 00:00 0 
7f367b292000-7f367b38f000 rw-p 00000000 00:00 0 
7f367b38f000-7f367b3a7000 r-xp 00000000 08:02 8001005                    /home/mbor1/.cache/JNA/temp/jna4837353614267029343.tmp (deleted)
7f367b3a7000-7f367b5a7000 ---p 00018000 08:02 8001005                    /home/mbor1/.cache/JNA/temp/jna4837353614267029343.tmp (deleted)
7f367b5a7000-7f367b5a8000 rw-p 00018000 08:02 8001005                    /home/mbor1/.cache/JNA/temp/jna4837353614267029343.tmp (deleted)
7f367b5a8000-7f367b5a9000 ---p 00000000 00:00 0 
7f367b5a9000-7f367b6aa000 rw-p 00000000 00:00 0 
7f367b6aa000-7f367b6ab000 ---p 00000000 00:00 0 
7f367b6ab000-7f367b7ac000 rw-p 00000000 00:00 0 
7f367b7ac000-7f367b7ad000 ---p 00000000 00:00 0 
7f367b7ad000-7f367b8ae000 rw-p 00000000 00:00 0 
7f367b8ae000-7f367b8b9000 r--p 00000000 08:02 2105959                    /usr/lib/x86_64-linux-gnu/libxcb.so.1.1.0
7f367b8b9000-7f367b8cd000 r-xp 0000b000 08:02 2105959                    /usr/lib/x86_64-linux-gnu/libxcb.so.1.1.0
7f367b8cd000-7f367b8d6000 r--p 0001f000 08:02 2105959                    /usr/lib/x86_64-linux-gnu/libxcb.so.1.1.0
7f367b8d6000-7f367b8d7000 r--p 00027000 08:02 2105959                    /usr/lib/x86_64-linux-gnu/libxcb.so.1.1.0
7f367b8d7000-7f367b8d8000 rw-p 00028000 08:02 2105959                    /usr/lib/x86_64-linux-gnu/libxcb.so.1.1.0
7f367b8d8000-7f367b8dd000 r-xp 00000000 08:02 2104527                    /usr/lib/x86_64-linux-gnu/libXtst.so.6.1.0
7f367b8dd000-7f367badc000 ---p 00005000 08:02 2104527                    /usr/lib/x86_64-linux-gnu/libXtst.so.6.1.0
7f367badc000-7f367badd000 r--p 00004000 08:02 2104527                    /usr/lib/x86_64-linux-gnu/libXtst.so.6.1.0
7f367badd000-7f367bade000 rw-p 00005000 08:02 2104527                    /usr/lib/x86_64-linux-gnu/libXtst.so.6.1.0
7f367bade000-7f367bae7000 r-xp 00000000 08:02 2104521                    /usr/lib/x86_64-linux-gnu/libXrender.so.1.3.0
7f367bae7000-7f367bce6000 ---p 00009000 08:02 2104521                    /usr/lib/x86_64-linux-gnu/libXrender.so.1.3.0
7f367bce6000-7f367bce7000 r--p 00008000 08:02 2104521                    /usr/lib/x86_64-linux-gnu/libXrender.so.1.3.0
7f367bce7000-7f367bce8000 rw-p 00009000 08:02 2104521                    /usr/lib/x86_64-linux-gnu/libXrender.so.1.3.0
7f367bce8000-7f367bd00000 r--p 00000000 08:02 2103130                    /usr/lib/x86_64-linux-gnu/libX11.so.6.3.0
7f367bd00000-7f367bd8b000 r-xp 00018000 08:02 2103130                    /usr/lib/x86_64-linux-gnu/libX11.so.6.3.0
7f367bd8b000-7f367be1f000 r--p 000a3000 08:02 2103130                    /usr/lib/x86_64-linux-gnu/libX11.so.6.3.0
7f367be1f000-7f367be20000 ---p 00137000 08:02 2103130                    /usr/lib/x86_64-linux-gnu/libX11.so.6.3.0
7f367be20000-7f367be21000 r--p 00137000 08:02 2103130                    /usr/lib/x86_64-linux-gnu/libX11.so.6.3.0
7f367be21000-7f367be25000 rw-p 00138000 08:02 2103130                    /usr/lib/x86_64-linux-gnu/libX11.so.6.3.0
7f367be25000-7f367becc000 r-xp 00000000 08:02 8257600                    /usr/lib/jvm/java-15-openjdk-amd64/lib/libawt.so
7f367becc000-7f367becd000 ---p 000a7000 08:02 8257600                    /usr/lib/jvm/java-15-openjdk-amd64/lib/libawt.so
7f367becd000-7f367becf000 r--p 000a7000 08:02 8257600                    /usr/lib/jvm/java-15-openjdk-amd64/lib/libawt.so
7f367becf000-7f367beda000 rw-p 000a9000 08:02 8257600                    /usr/lib/jvm/java-15-openjdk-amd64/lib/libawt.so
7f367beda000-7f367beff000 rw-p 00000000 00:00 0 
7f367beff000-7f367bf03000 ---p 00000000 00:00 0 
7f367bf03000-7f367c000000 rw-p 00000000 00:00 0 
7f367c000000-7f367c021000 rw-p 00000000 00:00 0 
7f367c021000-7f3680000000 ---p 00000000 00:00 0 
7f3680000000-7f3680021000 rw-p 00000000 00:00 0 
7f3680021000-7f3684000000 ---p 00000000 00:00 0 
7f3684000000-7f3684021000 rw-p 00000000 00:00 0 
7f3684021000-7f3688000000 ---p 00000000 00:00 0 
7f3688000000-7f3688021000 rw-p 00000000 00:00 0 
7f3688021000-7f368c000000 ---p 00000000 00:00 0 
7f368c000000-7f368ca3d000 rw-p 00000000 00:00 0 
7f368ca3d000-7f3690000000 ---p 00000000 00:00 0 
7f3690000000-7f369049f000 rw-p 00000000 00:00 0 
7f369049f000-7f3694000000 ---p 00000000 00:00 0 
7f3694000000-7f3694021000 rw-p 00000000 00:00 0 
7f3694021000-7f3698000000 ---p 00000000 00:00 0 
7f3698000000-7f3698021000 rw-p 00000000 00:00 0 
7f3698021000-7f369c000000 ---p 00000000 00:00 0 
7f369c000000-7f369c021000 rw-p 00000000 00:00 0 
7f369c021000-7f36a0000000 ---p 00000000 00:00 0 
7f36a0000000-7f36a0021000 rw-p 00000000 00:00 0 
7f36a0021000-7f36a4000000 ---p 00000000 00:00 0 
7f36a4000000-7f36a4021000 rw-p 00000000 00:00 0 
7f36a4021000-7f36a8000000 ---p 00000000 00:00 0 
7f36a8000000-7f36a8021000 rw-p 00000000 00:00 0 
7f36a8021000-7f36ac000000 ---p 00000000 00:00 0 
7f36ac000000-7f36ac021000 rw-p 00000000 00:00 0 
7f36ac021000-7f36b0000000 ---p 00000000 00:00 0 
7f36b0005000-7f36b0009000 r--p 00000000 08:02 2104655                    /usr/lib/x86_64-linux-gnu/libbsd.so.0.10.0
7f36b0009000-7f36b0018000 r-xp 00004000 08:02 2104655                    /usr/lib/x86_64-linux-gnu/libbsd.so.0.10.0
7f36b0018000-7f36b001b000 r--p 00013000 08:02 2104655                    /usr/lib/x86_64-linux-gnu/libbsd.so.0.10.0
7f36b001b000-7f36b001c000 ---p 00016000 08:02 2104655                    /usr/lib/x86_64-linux-gnu/libbsd.so.0.10.0
7f36b001c000-7f36b001d000 r--p 00016000 08:02 2104655                    /usr/lib/x86_64-linux-gnu/libbsd.so.0.10.0
7f36b001d000-7f36b001e000 rw-p 00017000 08:02 2104655                    /usr/lib/x86_64-linux-gnu/libbsd.so.0.10.0
7f36b001e000-7f36b001f000 rw-p 00000000 00:00 0 
7f36b001f000-7f36b007a000 r-xp 00000000 08:02 8257602                    /usr/lib/jvm/java-15-openjdk-amd64/lib/libawt_xawt.so
7f36b007a000-7f36b007b000 ---p 0005b000 08:02 8257602                    /usr/lib/jvm/java-15-openjdk-amd64/lib/libawt_xawt.so
7f36b007b000-7f36b007c000 r--p 0005b000 08:02 8257602                    /usr/lib/jvm/java-15-openjdk-amd64/lib/libawt_xawt.so
7f36b007c000-7f36b007e000 rw-p 0005c000 08:02 8257602                    /usr/lib/jvm/java-15-openjdk-amd64/lib/libawt_xawt.so
7f36b007e000-7f36b0080000 rw-p 00000000 00:00 0 
7f36b0080000-7f36b0081000 ---p 00000000 00:00 0 
7f36b0081000-7f36b0182000 rw-p 00000000 00:00 0 
7f36b0182000-7f36b0186000 ---p 00000000 00:00 0 
7f36b0186000-7f36b0283000 rw-p 00000000 00:00 0 
7f36b0283000-7f36b0287000 ---p 00000000 00:00 0 
7f36b0287000-7f36b0384000 rw-p 00000000 00:00 0 
7f36b0384000-7f36b0388000 ---p 00000000 00:00 0 
7f36b0388000-7f36b0485000 rw-p 00000000 00:00 0 
7f36b0485000-7f36b0489000 ---p 00000000 00:00 0 
7f36b0489000-7f36b0586000 rw-p 00000000 00:00 0 
7f36b0586000-7f36b058a000 ---p 00000000 00:00 0 
7f36b058a000-7f36b0687000 rw-p 00000000 00:00 0 
7f36b0687000-7f36b068b000 ---p 00000000 00:00 0 
7f36b068b000-7f36b0788000 rw-p 00000000 00:00 0 
7f36b0788000-7f36b078c000 ---p 00000000 00:00 0 
7f36b078c000-7f36b0889000 rw-p 00000000 00:00 0 
7f36b0889000-7f36b088d000 ---p 00000000 00:00 0 
7f36b088d000-7f36b098a000 rw-p 00000000 00:00 0 
7f36b098a000-7f36b1173000 r--p 00000000 08:02 2102318                    /usr/lib/locale/locale-archive
7f36b1173000-7f36b1177000 ---p 00000000 00:00 0 
7f36b1177000-7f36b1274000 rw-p 00000000 00:00 0 
7f36b1274000-7f36b1278000 ---p 00000000 00:00 0 
7f36b1278000-7f36b1375000 rw-p 00000000 00:00 0 
7f36b1375000-7f36b1376000 ---p 00000000 00:00 0 
7f36b1376000-7f36b1a78000 rw-p 00000000 00:00 0 
7f36b1a78000-7f36b1cf8000 ---p 00000000 00:00 0 
7f36b1cfb000-7f36b1cfc000 ---p 00000000 00:00 0 
7f36b1cfc000-7f36b1dfd000 rw-p 00000000 00:00 0 
7f36b1dfd000-7f36b1dfe000 ---p 00000000 00:00 0 
7f36b1dfe000-7f36b4000000 rw-p 00000000 00:00 0 
7f36b4000000-7f36b4021000 rw-p 00000000 00:00 0 
7f36b4021000-7f36b8000000 ---p 00000000 00:00 0 
7f36b8000000-7f36b8021000 rw-p 00000000 00:00 0 
7f36b8021000-7f36bc000000 ---p 00000000 00:00 0 
7f36bc000000-7f36bc021000 rw-p 00000000 00:00 0 
7f36bc021000-7f36c0000000 ---p 00000000 00:00 0 
7f36c0001000-7f36c0003000 r--p 00000000 08:02 2104499                    /usr/lib/x86_64-linux-gnu/libXdmcp.so.6.0.0
7f36c0003000-7f36c0005000 r-xp 00002000 08:02 2104499                    /usr/lib/x86_64-linux-gnu/libXdmcp.so.6.0.0
7f36c0005000-7f36c0007000 r--p 00004000 08:02 2104499                    /usr/lib/x86_64-linux-gnu/libXdmcp.so.6.0.0
7f36c0007000-7f36c0008000 r--p 00005000 08:02 2104499                    /usr/lib/x86_64-linux-gnu/libXdmcp.so.6.0.0
7f36c0008000-7f36c0009000 rw-p 00006000 08:02 2104499                    /usr/lib/x86_64-linux-gnu/libXdmcp.so.6.0.0
7f36c0009000-7f36c000a000 r--p 00000000 08:02 2104488                    /usr/lib/x86_64-linux-gnu/libXau.so.6.0.0
7f36c000a000-7f36c000c000 r-xp 00001000 08:02 2104488                    /usr/lib/x86_64-linux-gnu/libXau.so.6.0.0
7f36c000c000-7f36c000d000 r--p 00003000 08:02 2104488                    /usr/lib/x86_64-linux-gnu/libXau.so.6.0.0
7f36c000d000-7f36c000e000 r--p 00003000 08:02 2104488                    /usr/lib/x86_64-linux-gnu/libXau.so.6.0.0
7f36c000e000-7f36c000f000 rw-p 00004000 08:02 2104488                    /usr/lib/x86_64-linux-gnu/libXau.so.6.0.0
7f36c000f000-7f36c0011000 r--p 00000000 08:02 2104509                    /usr/lib/x86_64-linux-gnu/libXi.so.6.1.0
7f36c0011000-7f36c001c000 r-xp 00002000 08:02 2104509                    /usr/lib/x86_64-linux-gnu/libXi.so.6.1.0
7f36c001c000-7f36c001f000 r--p 0000d000 08:02 2104509                    /usr/lib/x86_64-linux-gnu/libXi.so.6.1.0
7f36c001f000-7f36c0020000 r--p 0000f000 08:02 2104509                    /usr/lib/x86_64-linux-gnu/libXi.so.6.1.0
7f36c0020000-7f36c0021000 rw-p 00010000 08:02 2104509                    /usr/lib/x86_64-linux-gnu/libXi.so.6.1.0
7f36c0021000-7f36c0025000 r--p 00000000 08:02 2104501                    /usr/lib/x86_64-linux-gnu/libXext.so.6.4.0
7f36c0025000-7f36c0030000 r-xp 00004000 08:02 2104501                    /usr/lib/x86_64-linux-gnu/libXext.so.6.4.0
7f36c0030000-7f36c0034000 r--p 0000f000 08:02 2104501                    /usr/lib/x86_64-linux-gnu/libXext.so.6.4.0
7f36c0034000-7f36c0035000 r--p 00012000 08:02 2104501                    /usr/lib/x86_64-linux-gnu/libXext.so.6.4.0
7f36c0035000-7f36c0036000 rw-p 00013000 08:02 2104501                    /usr/lib/x86_64-linux-gnu/libXext.so.6.4.0
7f36c004a000-7f36c005f000 r-xp 00000000 08:02 8257624                    /usr/lib/jvm/java-15-openjdk-amd64/lib/libnet.so
7f36c005f000-7f36c0060000 r--p 00014000 08:02 8257624                    /usr/lib/jvm/java-15-openjdk-amd64/lib/libnet.so
7f36c0060000-7f36c0061000 rw-p 00015000 08:02 8257624                    /usr/lib/jvm/java-15-openjdk-amd64/lib/libnet.so
7f36c0061000-7f36c054a000 rw-p 00000000 00:00 0 
7f36c054a000-7f36c3f6a000 ---p 00000000 00:00 0 
7f36c3f6a000-7f36c4362000 rw-p 00000000 00:00 0 
7f36c4362000-7f36c7d82000 ---p 00000000 00:00 0 
7f36c7d82000-7f36c7e0f000 rw-p 00000000 00:00 0 
7f36c7e0f000-7f36c8553000 ---p 00000000 00:00 0 
7f36c8553000-7f36c85d2000 rw-p 00000000 00:00 0 
7f36c85d2000-7f36c8d16000 ---p 00000000 00:00 0 
7f36c8d16000-7f36c8d18000 rw-p 00000000 00:00 0 
7f36c8d18000-7f36c8f88000 rwxp 00000000 00:00 0 
7f36c8f88000-7f36c92a9000 ---p 00000000 00:00 0 
7f36c92a9000-7f36c9519000 rwxp 00000000 00:00 0 
7f36c9519000-7f36d07e0000 ---p 00000000 00:00 0 
7f36d07e0000-7f36d0a50000 rwxp 00000000 00:00 0 
7f36d0a50000-7f36d7d18000 ---p 00000000 00:00 0 
7f36d7d18000-7f36e0000000 r--s 00000000 08:02 8257634                    /usr/lib/jvm/java-15-openjdk-amd64/lib/modules
7f36e0000000-7f36e0b6e000 rw-p 00000000 00:00 0 
7f36e0b6e000-7f36e4000000 ---p 00000000 00:00 0 
7f36e4003000-7f36e4010000 r-xp 00000000 08:02 8257632                    /usr/lib/jvm/java-15-openjdk-amd64/lib/libverify.so
7f36e4010000-7f36e4012000 r--p 0000c000 08:02 8257632                    /usr/lib/jvm/java-15-openjdk-amd64/lib/libverify.so
7f36e4012000-7f36e4013000 rw-p 0000e000 08:02 8257632                    /usr/lib/jvm/java-15-openjdk-amd64/lib/libverify.so
7f36e4013000-7f36e4025000 r-xp 00000000 08:02 8257625                    /usr/lib/jvm/java-15-openjdk-amd64/lib/libnio.so
7f36e4025000-7f36e4026000 r--p 00011000 08:02 8257625                    /usr/lib/jvm/java-15-openjdk-amd64/lib/libnio.so
7f36e4026000-7f36e4027000 rw-p 00012000 08:02 8257625                    /usr/lib/jvm/java-15-openjdk-amd64/lib/libnio.so
7f36e4027000-7f36e402e000 r-xp 00000000 08:02 8257633                    /usr/lib/jvm/java-15-openjdk-amd64/lib/libzip.so
7f36e402e000-7f36e402f000 ---p 00007000 08:02 8257633                    /usr/lib/jvm/java-15-openjdk-amd64/lib/libzip.so
7f36e402f000-7f36e4030000 r--p 00007000 08:02 8257633                    /usr/lib/jvm/java-15-openjdk-amd64/lib/libzip.so
7f36e4030000-7f36e4031000 rw-p 00008000 08:02 8257633                    /usr/lib/jvm/java-15-openjdk-amd64/lib/libzip.so
7f36e4031000-7f36e42cf000 rw-p 00000000 00:00 0 
7f36e42cf000-7f36e42d0000 ---p 00000000 00:00 0 
7f36e42d0000-7f36e43d1000 rw-p 00000000 00:00 0 
7f36e43d1000-7f36e43d2000 ---p 00000000 00:00 0 
7f36e43d2000-7f36e44d3000 rw-p 00000000 00:00 0 
7f36e44d3000-7f36e44d4000 ---p 00000000 00:00 0 
7f36e44d4000-7f36e4695000 rw-p 00000000 00:00 0 
7f36e4695000-7f36e4dd9000 ---p 00000000 00:00 0 
7f36e4dd9000-7f36e51e4000 rw-p 00000000 00:00 0 
7f36e51e4000-7f36e52ca000 ---p 00000000 00:00 0 
7f36e52ca000-7f36e52cf000 rw-p 00000000 00:00 0 
7f36e52cf000-7f36e53b5000 ---p 00000000 00:00 0 
7f36e53b5000-7f36e53b8000 r--p 00000000 08:02 2099345                    /usr/lib/x86_64-linux-gnu/libnss_files-2.31.so
7f36e53b8000-7f36e53bf000 r-xp 00003000 08:02 2099345                    /usr/lib/x86_64-linux-gnu/libnss_files-2.31.so
7f36e53bf000-7f36e53c1000 r--p 0000a000 08:02 2099345                    /usr/lib/x86_64-linux-gnu/libnss_files-2.31.so
7f36e53c1000-7f36e53c2000 r--p 0000b000 08:02 2099345                    /usr/lib/x86_64-linux-gnu/libnss_files-2.31.so
7f36e53c2000-7f36e53c3000 rw-p 0000c000 08:02 2099345                    /usr/lib/x86_64-linux-gnu/libnss_files-2.31.so
7f36e53c3000-7f36e53ce000 rw-p 00000000 00:00 0 
7f36e53ce000-7f36e53d5000 ---p 00000000 00:00 0 
7f36e53d5000-7f36e53dd000 rw-s 00000000 08:02 12331894                   /tmp/hsperfdata_mbor1/140813
7f36e53dd000-7f36e5401000 r-xp 00000000 08:02 8257611                    /usr/lib/jvm/java-15-openjdk-amd64/lib/libjava.so
7f36e5401000-7f36e5402000 ---p 00024000 08:02 8257611                    /usr/lib/jvm/java-15-openjdk-amd64/lib/libjava.so
7f36e5402000-7f36e5403000 r--p 00024000 08:02 8257611                    /usr/lib/jvm/java-15-openjdk-amd64/lib/libjava.so
7f36e5403000-7f36e5404000 rw-p 00025000 08:02 8257611                    /usr/lib/jvm/java-15-openjdk-amd64/lib/libjava.so
7f36e5404000-7f36e5405000 rw-p 00000000 00:00 0 
7f36e5405000-7f36e5421000 r-xp 00000000 08:02 8257615                    /usr/lib/jvm/java-15-openjdk-amd64/lib/libjimage.so
7f36e5421000-7f36e5423000 r--p 0001b000 08:02 8257615                    /usr/lib/jvm/java-15-openjdk-amd64/lib/libjimage.so
7f36e5423000-7f36e5424000 rw-p 0001d000 08:02 8257615                    /usr/lib/jvm/java-15-openjdk-amd64/lib/libjimage.so
7f36e5424000-7f36e5427000 r--p 00000000 08:02 2099356                    /usr/lib/x86_64-linux-gnu/librt-2.31.so
7f36e5427000-7f36e542b000 r-xp 00003000 08:02 2099356                    /usr/lib/x86_64-linux-gnu/librt-2.31.so
7f36e542b000-7f36e542c000 r--p 00007000 08:02 2099356                    /usr/lib/x86_64-linux-gnu/librt-2.31.so
7f36e542c000-7f36e542d000 ---p 00008000 08:02 2099356                    /usr/lib/x86_64-linux-gnu/librt-2.31.so
7f36e542d000-7f36e542e000 r--p 00008000 08:02 2099356                    /usr/lib/x86_64-linux-gnu/librt-2.31.so
7f36e542e000-7f36e542f000 rw-p 00009000 08:02 2099356                    /usr/lib/x86_64-linux-gnu/librt-2.31.so
7f36e542f000-7f36e5433000 ---p 00000000 00:00 0 
7f36e5433000-7f36e5530000 rw-p 00000000 00:00 0 
7f36e5530000-7f36e553f000 r--p 00000000 08:02 2099339                    /usr/lib/x86_64-linux-gnu/libm-2.31.so
7f36e553f000-7f36e55e6000 r-xp 0000f000 08:02 2099339                    /usr/lib/x86_64-linux-gnu/libm-2.31.so
7f36e55e6000-7f36e567d000 r--p 000b6000 08:02 2099339                    /usr/lib/x86_64-linux-gnu/libm-2.31.so
7f36e567d000-7f36e567e000 r--p 0014c000 08:02 2099339                    /usr/lib/x86_64-linux-gnu/libm-2.31.so
7f36e567e000-7f36e567f000 rw-p 0014d000 08:02 2099339                    /usr/lib/x86_64-linux-gnu/libm-2.31.so
7f36e567f000-7f36e66c6000 r-xp 00000000 08:02 8257646                    /usr/lib/jvm/java-15-openjdk-amd64/lib/server/libjvm.so
7f36e66c6000-7f36e6760000 r--p 01046000 08:02 8257646                    /usr/lib/jvm/java-15-openjdk-amd64/lib/server/libjvm.so
7f36e6760000-7f36e6797000 rw-p 010e0000 08:02 8257646                    /usr/lib/jvm/java-15-openjdk-amd64/lib/server/libjvm.so
7f36e6797000-7f36e6822000 rw-p 00000000 00:00 0 
7f36e6822000-7f36e6847000 r--p 00000000 08:02 2099337                    /usr/lib/x86_64-linux-gnu/libc-2.31.so
7f36e6847000-7f36e69bf000 r-xp 00025000 08:02 2099337                    /usr/lib/x86_64-linux-gnu/libc-2.31.so
7f36e69bf000-7f36e6a09000 r--p 0019d000 08:02 2099337                    /usr/lib/x86_64-linux-gnu/libc-2.31.so
7f36e6a09000-7f36e6a0a000 ---p 001e7000 08:02 2099337                    /usr/lib/x86_64-linux-gnu/libc-2.31.so
7f36e6a0a000-7f36e6a0d000 r--p 001e7000 08:02 2099337                    /usr/lib/x86_64-linux-gnu/libc-2.31.so
7f36e6a0d000-7f36e6a10000 rw-p 001ea000 08:02 2099337                    /usr/lib/x86_64-linux-gnu/libc-2.31.so
7f36e6a10000-7f36e6a14000 rw-p 00000000 00:00 0 
7f36e6a14000-7f36e6a15000 r--p 00000000 08:02 2099338                    /usr/lib/x86_64-linux-gnu/libdl-2.31.so
7f36e6a15000-7f36e6a17000 r-xp 00001000 08:02 2099338                    /usr/lib/x86_64-linux-gnu/libdl-2.31.so
7f36e6a17000-7f36e6a18000 r--p 00003000 08:02 2099338                    /usr/lib/x86_64-linux-gnu/libdl-2.31.so
7f36e6a18000-7f36e6a19000 r--p 00003000 08:02 2099338                    /usr/lib/x86_64-linux-gnu/libdl-2.31.so
7f36e6a19000-7f36e6a1a000 rw-p 00004000 08:02 2099338                    /usr/lib/x86_64-linux-gnu/libdl-2.31.so
7f36e6a1a000-7f36e6a21000 r--p 00000000 08:02 2099354                    /usr/lib/x86_64-linux-gnu/libpthread-2.31.so
7f36e6a21000-7f36e6a32000 r-xp 00007000 08:02 2099354                    /usr/lib/x86_64-linux-gnu/libpthread-2.31.so
7f36e6a32000-7f36e6a37000 r--p 00018000 08:02 2099354                    /usr/lib/x86_64-linux-gnu/libpthread-2.31.so
7f36e6a37000-7f36e6a38000 r--p 0001c000 08:02 2099354                    /usr/lib/x86_64-linux-gnu/libpthread-2.31.so
7f36e6a38000-7f36e6a39000 rw-p 0001d000 08:02 2099354                    /usr/lib/x86_64-linux-gnu/libpthread-2.31.so
7f36e6a39000-7f36e6a3d000 rw-p 00000000 00:00 0 
7f36e6a3d000-7f36e6a4c000 r-xp 00000000 08:02 8257616                    /usr/lib/jvm/java-15-openjdk-amd64/lib/libjli.so
7f36e6a4c000-7f36e6a4d000 r--p 0000e000 08:02 8257616                    /usr/lib/jvm/java-15-openjdk-amd64/lib/libjli.so
7f36e6a4d000-7f36e6a4e000 rw-p 0000f000 08:02 8257616                    /usr/lib/jvm/java-15-openjdk-amd64/lib/libjli.so
7f36e6a4e000-7f36e6a50000 r--p 00000000 08:02 2097693                    /usr/lib/x86_64-linux-gnu/libz.so.1.2.11
7f36e6a50000-7f36e6a61000 r-xp 00002000 08:02 2097693                    /usr/lib/x86_64-linux-gnu/libz.so.1.2.11
7f36e6a61000-7f36e6a67000 r--p 00013000 08:02 2097693                    /usr/lib/x86_64-linux-gnu/libz.so.1.2.11
7f36e6a67000-7f36e6a68000 ---p 00019000 08:02 2097693                    /usr/lib/x86_64-linux-gnu/libz.so.1.2.11
7f36e6a68000-7f36e6a69000 r--p 00019000 08:02 2097693                    /usr/lib/x86_64-linux-gnu/libz.so.1.2.11
7f36e6a69000-7f36e6a6a000 rw-p 0001a000 08:02 2097693                    /usr/lib/x86_64-linux-gnu/libz.so.1.2.11
7f36e6a6a000-7f36e6a6c000 rw-p 00000000 00:00 0 
7f36e6a6e000-7f36e6a70000 r-xp 00000000 08:02 8257604                    /usr/lib/jvm/java-15-openjdk-amd64/lib/libextnet.so
7f36e6a70000-7f36e6a71000 r--p 00001000 08:02 8257604                    /usr/lib/jvm/java-15-openjdk-amd64/lib/libextnet.so
7f36e6a71000-7f36e6a72000 rw-p 00002000 08:02 8257604                    /usr/lib/jvm/java-15-openjdk-amd64/lib/libextnet.so
7f36e6a72000-7f36e6a7c000 r-xp 00000000 08:02 8257606                    /usr/lib/jvm/java-15-openjdk-amd64/lib/libinstrument.so
7f36e6a7c000-7f36e6a7d000 r--p 00009000 08:02 8257606                    /usr/lib/jvm/java-15-openjdk-amd64/lib/libinstrument.so
7f36e6a7d000-7f36e6a7e000 rw-p 0000a000 08:02 8257606                    /usr/lib/jvm/java-15-openjdk-amd64/lib/libinstrument.so
7f36e6a7e000-7f36e6a7f000 ---p 00000000 00:00 0 
7f36e6a7f000-7f36e6a80000 r--p 00000000 00:00 0 
7f36e6a80000-7f36e6a81000 r--p 00000000 08:02 2099333                    /usr/lib/x86_64-linux-gnu/ld-2.31.so
7f36e6a81000-7f36e6aa4000 r-xp 00001000 08:02 2099333                    /usr/lib/x86_64-linux-gnu/ld-2.31.so
7f36e6aa4000-7f36e6aac000 r--p 00024000 08:02 2099333                    /usr/lib/x86_64-linux-gnu/ld-2.31.so
7f36e6aac000-7f36e6aad000 ---p 00000000 00:00 0 
7f36e6aad000-7f36e6aae000 r--p 0002c000 08:02 2099333                    /usr/lib/x86_64-linux-gnu/ld-2.31.so
7f36e6aae000-7f36e6aaf000 rw-p 0002d000 08:02 2099333                    /usr/lib/x86_64-linux-gnu/ld-2.31.so
7f36e6aaf000-7f36e6ab0000 rw-p 00000000 00:00 0 
7ffc9f1a8000-7ffc9f1cb000 rw-p 00000000 00:00 0                          [stack]
7ffc9f1e9000-7ffc9f1ec000 r--p 00000000 00:00 0                          [vvar]
7ffc9f1ec000-7ffc9f1ed000 r-xp 00000000 00:00 0                          [vdso]
ffffffffff600000-ffffffffff601000 --xp 00000000 00:00 0                  [vsyscall]


VM Arguments:
jvm_args: -javaagent:/snap/intellij-idea-community/257/lib/idea_rt.jar=36083:/snap/intellij-idea-community/257/bin -Dfile.encoding=UTF-8 
java_command: pl.maro.image.convert.TessaractExample
java_class_path (initial): /home/mbor1/IdeaProjects/myprojects/image.convert/target/classes:/home/mbor1/.m2/repository/net/sourceforge/tess4j/tess4j/4.5.4/tess4j-4.5.4.jar:/home/mbor1/.m2/repository/net/java/dev/jna/jna/5.6.0/jna-5.6.0.jar:/home/mbor1/.m2/repository/com/github/jai-imageio/jai-imageio-core/1.4.0/jai-imageio-core-1.4.0.jar:/home/mbor1/.m2/repository/org/ghost4j/ghost4j/1.0.1/ghost4j-1.0.1.jar:/home/mbor1/.m2/repository/log4j/log4j/1.2.17/log4j-1.2.17.jar:/home/mbor1/.m2/repository/commons-beanutils/commons-beanutils/1.9.2/commons-beanutils-1.9.2.jar:/home/mbor1/.m2/repository/commons-collections/commons-collections/3.2.1/commons-collections-3.2.1.jar:/home/mbor1/.m2/repository/org/apache/xmlgraphics/xmlgraphics-commons/1.4/xmlgraphics-commons-1.4.jar:/home/mbor1/.m2/repository/com/lowagie/itext/2.1.7/itext-2.1.7.jar:/home/mbor1/.m2/repository/org/apache/pdfbox/pdfbox/2.0.21/pdfbox-2.0.21.jar:/home/mbor1/.m2/repository/org/apache/pdfbox/fontbox/2.0.21/fontbox-2.0.21.jar:/home/mbor1/.m2/repository/commons-logging/commons-logging/1.2/commons-logging-1.2.jar:/home/mbor1/.m2/repository/org/apache/pdfbox/pdfbox-tools/2.0.21/pdfbox-tools-2.0.21.jar:/home/mbor1/.m2/repository/org/apache/pdfbox/pdfbox-debugger/2.0.21/pdfbox-debugger-2.0.21.jar:/home/mbor1/.m2/repository/org/apache/pdfbox/jbig2-imageio/3.0.3/jbig2-imageio-3.0.3.jar:/home/mbor1/.m2/repository/commons-io/commons-io/2.8.0/commons-io-2.8.0.jar:/home/mbor1/.m2/repository/net/sourceforge/lept4j/lept4j/1.13.2/lept4j-1.13.2.jar:/home/mbor1/.m2/repository/org/jboss/jboss-vfs/3.2.15.Final/jboss-vfs-3.2.15.Final.jar:/home/mbor1/.m2/repository/org/jboss/logging/jboss-logging/3.4.1.Final/jboss-logging-3.4.1.Final.jar:/home/mbor1/.m2/repository/org/slf4j/slf4j-api/1.7.30/slf4j-api-1.7.30.jar:/home/mbor1/.m2/repository/org/springframework/boot/spring-boot-starter-data-jpa/2.4.0/spring-boot-starter-data-jpa-2.4.0.jar:/home/mbor1/.m2/repository/org/springframework/boot/spring-boot-starter-aop/2.4.0/spring-boo
Launcher Type: SUN_STANDARD

[Global flags]
     intx CICompilerCount                          = 3                                         {product} {ergonomic}
     uint ConcGCThreads                            = 1                                         {product} {ergonomic}
     uint G1ConcRefinementThreads                  = 4                                         {product} {ergonomic}
   size_t G1HeapRegionSize                         = 2097152                                   {product} {ergonomic}
    uintx GCDrainStackTargetSize                   = 64                                        {product} {ergonomic}
   size_t InitialHeapSize                          = 262144000                                 {product} {ergonomic}
   size_t MarkStackSize                            = 4194304                                   {product} {ergonomic}
   size_t MaxHeapSize                              = 4167041024                                {product} {ergonomic}
   size_t MaxNewSize                               = 2499805184                                {product} {ergonomic}
   size_t MinHeapDeltaBytes                        = 2097152                                   {product} {ergonomic}
   size_t MinHeapSize                              = 8388608                                   {product} {ergonomic}
    uintx NonNMethodCodeHeapSize                   = 5832780                                {pd product} {ergonomic}
    uintx NonProfiledCodeHeapSize                  = 122912730                              {pd product} {ergonomic}
    uintx ProfiledCodeHeapSize                     = 122912730                              {pd product} {ergonomic}
    uintx ReservedCodeCacheSize                    = 251658240                              {pd product} {ergonomic}
     bool SegmentedCodeCache                       = true                                      {product} {ergonomic}
   size_t SoftMaxHeapSize                          = 4167041024                             {manageable} {ergonomic}
     bool UseCompressedClassPointers               = true                                 {lp64_product} {ergonomic}
     bool UseCompressedOops                        = true                                 {lp64_product} {ergonomic}
     bool UseG1GC                                  = true                                      {product} {ergonomic}

Logging:
Log output configuration:
 #0: stdout all=warning uptime,level,tags
 #1: stderr all=off uptime,level,tags

Environment Variables:
PATH=/usr/local/sbin:/usr/local/bin:/usr/sbin:/usr/bin:/sbin:/bin:/usr/games:/usr/local/games:/snap/bin
USERNAME=mbor1
SHELL=/bin/bash
DISPLAY=:0
LANG=en_US.UTF-8

Signal Handlers:
SIGSEGV: [libjvm.so+0xd63670], sa_mask[0]=11111111011111111101111111111110, sa_flags=SA_RESTART|SA_SIGINFO
SIGBUS: [libjvm.so+0xd63670], sa_mask[0]=11111111011111111101111111111110, sa_flags=SA_RESTART|SA_SIGINFO
SIGFPE: [libjvm.so+0xd63670], sa_mask[0]=11111111011111111101111111111110, sa_flags=SA_RESTART|SA_SIGINFO
SIGPIPE: [libjvm.so+0xb410d0], sa_mask[0]=11111111011111111101111111111110, sa_flags=SA_RESTART|SA_SIGINFO
SIGXFSZ: [libjvm.so+0xb410d0], sa_mask[0]=11111111011111111101111111111110, sa_flags=SA_RESTART|SA_SIGINFO
SIGILL: [libjvm.so+0xd63670], sa_mask[0]=11111111011111111101111111111110, sa_flags=SA_RESTART|SA_SIGINFO
SIGUSR2: [libjvm.so+0xb40f70], sa_mask[0]=00100000000000000000000000000000, sa_flags=SA_RESTART|SA_SIGINFO
SIGHUP: [libjvm.so+0xb417e0], sa_mask[0]=11111111011111111101111111111110, sa_flags=SA_RESTART|SA_SIGINFO
SIGINT: [libjvm.so+0xb417e0], sa_mask[0]=11111111011111111101111111111110, sa_flags=SA_RESTART|SA_SIGINFO
SIGTERM: [libjvm.so+0xb417e0], sa_mask[0]=11111111011111111101111111111110, sa_flags=SA_RESTART|SA_SIGINFO
SIGQUIT: [libjvm.so+0xb417e0], sa_mask[0]=11111111011111111101111111111110, sa_flags=SA_RESTART|SA_SIGINFO


---------------  S Y S T E M  ---------------

OS:
DISTRIB_ID=Ubuntu
DISTRIB_RELEASE=20.04
DISTRIB_CODENAME=focal
DISTRIB_DESCRIPTION="Ubuntu 20.04.1 LTS"
uname: Linux 5.4.0-53-generic #59-Ubuntu SMP Wed Oct 21 09:38:44 UTC 2020 x86_64
OS uptime: 2 days 12:47 hours
libc: glibc 2.31 NPTL 2.31 
rlimit (soft/hard): STACK 8192k/infinity , CORE 0k/infinity , NPROC 63356/63356 , NOFILE 1048576/1048576 , AS infinity/infinity , CPU infinity/infinity , DATA infinity/infinity , FSIZE infinity/infinity , MEMLOCK 65536k/65536k
load average: 1,73 1,63 2,00

/proc/meminfo:
MemTotal:       16276180 kB
MemFree:         1331788 kB
MemAvailable:    9623648 kB
Buffers:          797836 kB
Cached:          8612640 kB
SwapCached:         8148 kB
Active:          9084916 kB
Inactive:        4663124 kB
Active(anon):    4169968 kB
Inactive(anon):  1421456 kB
Active(file):    4914948 kB
Inactive(file):  3241668 kB
Unevictable:      438044 kB
Mlocked:              16 kB
SwapTotal:       2097148 kB
SwapFree:        1994416 kB
Dirty:             84148 kB
Writeback:             0 kB
AnonPages:       4769912 kB
Mapped:          1233664 kB
Shmem:           1260624 kB
KReclaimable:     472416 kB
Slab:             632340 kB
SReclaimable:     472416 kB
SUnreclaim:       159924 kB
KernelStack:       15336 kB
PageTables:        47512 kB
NFS_Unstable:          0 kB
Bounce:                0 kB
WritebackTmp:          0 kB
CommitLimit:    10235236 kB
Committed_AS:   12681508 kB
VmallocTotal:   34359738367 kB
VmallocUsed:       36780 kB
VmallocChunk:          0 kB
Percpu:             4592 kB
HardwareCorrupted:     0 kB
AnonHugePages:         0 kB
ShmemHugePages:        0 kB
ShmemPmdMapped:        0 kB
FileHugePages:         0 kB
FilePmdMapped:         0 kB
CmaTotal:              0 kB
CmaFree:               0 kB
HugePages_Total:       0
HugePages_Free:        0
HugePages_Rsvd:        0
HugePages_Surp:        0
Hugepagesize:       2048 kB
Hugetlb:               0 kB
DirectMap4k:      535536 kB
DirectMap2M:    15071232 kB
DirectMap1G:     1048576 kB

/sys/kernel/mm/transparent_hugepage/enabled: always [madvise] never
/sys/kernel/mm/transparent_hugepage/defrag (defrag/compaction efforts parameter): always defer defer+madvise [madvise] never

/proc/sys/kernel/threads-max (system-wide limit on the number of threads): 126713
/proc/sys/vm/max_map_count (maximum number of memory map areas a process may have): 65530
/proc/sys/kernel/pid_max (system-wide limit on number of process identifiers): 4194304

container (cgroup) information:
container_type: cgroupv1
cpu_cpuset_cpus: 0-3
cpu_memory_nodes: 0
active_processor_count: 4
cpu_quota: no quota
cpu_period: 100000
cpu_shares: no shares
memory_limit_in_bytes: unlimited
memory_and_swap_limit_in_bytes: not supported
memory_soft_limit_in_bytes: unlimited
memory_usage_in_bytes: 13393223680
memory_max_usage_in_bytes: 15360139264

Steal ticks since vm start: 0
Steal ticks percentage since vm start:  0,000

CPU: total 4 (initial active 4) (2 cores per cpu, 2 threads per core) family 6 model 78 stepping 3 microcode 0xe2, cmov, cx8, fxsr, mmx, sse, sse2, sse3, ssse3, sse4.1, sse4.2, popcnt, vzeroupper, avx, avx2, aes, clmul, erms, 3dnowpref, lzcnt, ht, tsc, tscinvbit, bmi1, bmi2, adx, fma, clflush, clflushopt
CPU Model and flags from /proc/cpuinfo:
model name	: Intel(R) Core(TM) i5-6200U CPU @ 2.30GHz
flags		: fpu vme de pse tsc msr pae mce cx8 apic sep mtrr pge mca cmov pat pse36 clflush dts acpi mmx fxsr sse sse2 ss ht tm pbe syscall nx pdpe1gb rdtscp lm constant_tsc art arch_perfmon pebs bts rep_good nopl xtopology nonstop_tsc cpuid aperfmperf pni pclmulqdq dtes64 monitor ds_cpl vmx est tm2 ssse3 sdbg fma cx16 xtpr pdcm pcid sse4_1 sse4_2 x2apic movbe popcnt tsc_deadline_timer aes xsave avx f16c rdrand lahf_lm abm 3dnowprefetch cpuid_fault epb invpcid_single pti ssbd ibrs ibpb stibp tpr_shadow vnmi flexpriority ept vpid ept_ad fsgsbase tsc_adjust bmi1 avx2 smep bmi2 erms invpcid mpx rdseed adx smap clflushopt intel_pt xsaveopt xsavec xgetbv1 xsaves dtherm ida arat pln pts hwp hwp_notify hwp_act_window hwp_epp md_clear flush_l1d

Online cpus: 0-3
Offline cpus: 
BIOS frequency limitation: <Not Available>
Frequency switch latency (ns): 0
Available cpu frequencies: <Not Available>
Current governor: powersave
Core performance/turbo boost: <Not Available>

Memory: 4k page, physical 16276180k(1331536k free), swap 2097148k(1994416k free)

vm_info: OpenJDK 64-Bit Server VM (15.0.1+9-18) for linux-amd64 JRE (15.0.1+9-18), built on Sep 15 2020 13:31:44 by "mach5one" with gcc 9.2.0

END.
